C:\Users\ruuud\spring2025\cse145\AAAAHHHH\ECE1373_2016_hft_on_fpga\src\fast_hls\solution1\.autopilot\db\fast_encoder.pp.0.cpp:3170:5: warning: Added loop label VITIS_LOOP_676_1:   [xilinx-label-all-loops]
    for (unsigned i = low; i != high+1; ++i) {
    ^~~
    VITIS_LOOP_676_1: 
C:\Users\ruuud\spring2025\cse145\AAAAHHHH\ECE1373_2016_hft_on_fpga\src\fast_hls\solution1\.autopilot\db\fast_encoder.pp.0.cpp:3170:5: note: FIX-IT applied suggested code changes
C:\Users\ruuud\spring2025\cse145\AAAAHHHH\ECE1373_2016_hft_on_fpga\src\fast_hls\solution1\.autopilot\db\fast_encoder.pp.0.cpp:3184:5: warning: Added loop label VITIS_LOOP_690_1:   [xilinx-label-all-loops]
    for (unsigned i = low; i != high+1; ++i) {
    ^~~
    VITIS_LOOP_690_1: 
C:\Users\ruuud\spring2025\cse145\AAAAHHHH\ECE1373_2016_hft_on_fpga\src\fast_hls\solution1\.autopilot\db\fast_encoder.pp.0.cpp:3184:5: note: FIX-IT applied suggested code changes
C:\Users\ruuud\spring2025\cse145\AAAAHHHH\ECE1373_2016_hft_on_fpga\src\fast_hls\solution1\.autopilot\db\fast_encoder.pp.0.cpp:3198:5: warning: Added loop label VITIS_LOOP_704_1:   [xilinx-label-all-loops]
    for (unsigned i = low; i != high+1; ++i) {
    ^~~
    VITIS_LOOP_704_1: 
C:\Users\ruuud\spring2025\cse145\AAAAHHHH\ECE1373_2016_hft_on_fpga\src\fast_hls\solution1\.autopilot\db\fast_encoder.pp.0.cpp:3198:5: note: FIX-IT applied suggested code changes
C:\Users\ruuud\spring2025\cse145\AAAAHHHH\ECE1373_2016_hft_on_fpga\src\fast_hls\solution1\.autopilot\db\fast_encoder.pp.0.cpp:4832:7: warning: Added loop label VITIS_LOOP_1248_1:   [xilinx-label-all-loops]
      for (i = 0; i < __N - 1; ++i) {
      ^~~
      VITIS_LOOP_1248_1: 
C:\Users\ruuud\spring2025\cse145\AAAAHHHH\ECE1373_2016_hft_on_fpga\src\fast_hls\solution1\.autopilot\db\fast_encoder.pp.0.cpp:4832:7: note: FIX-IT applied suggested code changes
C:\Users\ruuud\spring2025\cse145\AAAAHHHH\ECE1373_2016_hft_on_fpga\src\fast_hls\solution1\.autopilot\db\fast_encoder.pp.0.cpp:6794:5: warning: Added loop label VITIS_LOOP_46_1:   [xilinx-label-all-loops]
    for (unsigned i = 0; i < max_bytes_need_for_uint32 - 1; i++)
    ^~~
    VITIS_LOOP_46_1: 
C:\Users\ruuud\spring2025\cse145\AAAAHHHH\ECE1373_2016_hft_on_fpga\src\fast_hls\solution1\.autopilot\db\fast_encoder.pp.0.cpp:6794:5: note: FIX-IT applied suggested code changes
C:\Users\ruuud\spring2025\cse145\AAAAHHHH\ECE1373_2016_hft_on_fpga\src\fast_hls\solution1\.autopilot\db\fast_encoder.pp.0.cpp:6820:5: warning: Added loop label VITIS_LOOP_72_2:   [xilinx-label-all-loops]
    for (int i = 64/8 - 1; i >= 0; i--)
    ^~~
    VITIS_LOOP_72_2: 
C:\Users\ruuud\spring2025\cse145\AAAAHHHH\ECE1373_2016_hft_on_fpga\src\fast_hls\solution1\.autopilot\db\fast_encoder.pp.0.cpp:6820:5: note: FIX-IT applied suggested code changes
C:\Users\ruuud\spring2025\cse145\AAAAHHHH\ECE1373_2016_hft_on_fpga\src\fast_hls\solution1\.autopilot\db\fast_encoder.pp.0.cpp:6848:5: warning: Added loop label VITIS_LOOP_100_1:   [xilinx-label-all-loops]
    for (unsigned i = 0; i < 35/7 - 1; i++)
    ^~~
    VITIS_LOOP_100_1: 
C:\Users\ruuud\spring2025\cse145\AAAAHHHH\ECE1373_2016_hft_on_fpga\src\fast_hls\solution1\.autopilot\db\fast_encoder.pp.0.cpp:6848:5: note: FIX-IT applied suggested code changes
C:\Users\ruuud\spring2025\cse145\AAAAHHHH\ECE1373_2016_hft_on_fpga\src\fast_hls\solution1\.autopilot\db\fast_encoder.pp.0.cpp:6866:5: warning: Added loop label VITIS_LOOP_118_1:   [xilinx-label-all-loops]
    for (unsigned i = 0; i < max_bytes_need_for_uint32 - 1; i++)
    ^~~
    VITIS_LOOP_118_1: 
C:\Users\ruuud\spring2025\cse145\AAAAHHHH\ECE1373_2016_hft_on_fpga\src\fast_hls\solution1\.autopilot\db\fast_encoder.pp.0.cpp:6866:5: note: FIX-IT applied suggested code changes
