
*** Running vivado
    with args -log design_1_simple_threshold_0_0.vds -m64 -product Vivado -mode batch -messageDb vivado.pb -notrace -source design_1_simple_threshold_0_0.tcl



****** Vivado v2024.2 (64-bit)
  **** SW Build 5239630 on Fri Nov 08 22:35:27 MST 2024
  **** IP Build 5239520 on Sun Nov 10 16:12:51 MST 2024
  **** SharedData Build 5239561 on Fri Nov 08 14:39:27 MST 2024
  **** Start of session at: Fri Jun 13 12:22:32 2025
    ** Copyright 1986-2022 Xilinx, Inc. All Rights Reserved.
    ** Copyright 2022-2024 Advanced Micro Devices, Inc. All Rights Reserved.

source design_1_simple_threshold_0_0.tcl -notrace
create_project: Time (s): cpu = 00:00:09 ; elapsed = 00:00:12 . Memory (MB): peak = 642.180 ; gain = 202.289
INFO: [IP_Flow 19-234] Refreshing IP repositories
INFO: [IP_Flow 19-1700] Loaded user IP repository 'c:/Users/ruuud/spring2025/cse145/WORKINGPROJECTIDEA/HFT_PYNQZ1-Z2/src/fast_hls'.
INFO: [IP_Flow 19-1700] Loaded user IP repository 'c:/Users/ruuud/spring2025/cse145/WORKINGPROJECTIDEA/HFT_PYNQZ1-Z2/src/order_book_hls'.
INFO: [IP_Flow 19-1700] Loaded user IP repository 'c:/Users/ruuud/spring2025/cse145/WORKINGPROJECTIDEA/HFT_PYNQZ1-Z2/src/threshold_hls'.
INFO: [IP_Flow 19-1700] Loaded user IP repository 'c:/Users/ruuud/spring2025/cse145/WORKINGPROJECTIDEA/HFT_PYNQZ1-Z2/src/microblaze_to_switch_hls'.
INFO: [IP_Flow 19-1700] Loaded user IP repository 'c:/Users/ruuud/spring2025/cse145/WORKINGPROJECTIDEA/HFT_PYNQZ1-Z2/src/udp_hls'.
INFO: [IP_Flow 19-2313] Loaded Vivado IP repository 'C:/Xilinx/Vivado/2024.2/data/ip'.
WARNING: [IP_Flow 19-4995] The host OS only allows 260 characters in a normal path. The IP cache path is more than 80 characters. If you experience issues with IP caching, please consider changing the IP cache to a location with a shorter path. Alternately consider using the OS subst command to map part of the path to a drive letter. 
Current IP cache path is c:/Users/ruuud/spring2025/cse145/WORKINGPROJECTIDEA/HFT_PYNQZ1-Z2/src/hft_proj/hft_proj.cache/ip 
INFO: [IP_Flow 19-6924] IPCACHE: Running cache check for IP inst: design_1_simple_threshold_0_0
Command: synth_design -top design_1_simple_threshold_0_0 -part xc7z020clg400-1 -incremental_mode off -mode out_of_context
Starting synth_design
Attempting to get a license for feature 'Synthesis' and/or device 'xc7z020'
INFO: [Common 17-349] Got license for feature 'Synthesis' and/or device 'xc7z020'
INFO: [Device 21-403] Loading part xc7z020clg400-1
INFO: [Synth 8-7079] Multithreading enabled for synth_design using a maximum of 2 processes.
INFO: [Synth 8-7078] Launching helper process for spawning children vivado processes
INFO: [Synth 8-7075] Helper process launched with PID 35716
---------------------------------------------------------------------------------
Starting RTL Elaboration : Time (s): cpu = 00:00:06 ; elapsed = 00:00:11 . Memory (MB): peak = 1353.480 ; gain = 467.125
---------------------------------------------------------------------------------
INFO: [Synth 8-638] synthesizing module 'design_1_simple_threshold_0_0' [c:/Users/ruuud/spring2025/cse145/WORKINGPROJECTIDEA/HFT_PYNQZ1-Z2/src/hft_proj/hft_proj.gen/sources_1/bd/design_1/ip/design_1_simple_threshold_0_0/synth/design_1_simple_threshold_0_0.vhd:84]
INFO: [Synth 8-3491] module 'simple_threshold' declared at 'c:/Users/ruuud/spring2025/cse145/WORKINGPROJECTIDEA/HFT_PYNQZ1-Z2/src/hft_proj/hft_proj.gen/sources_1/bd/design_1/ipshared/3ef4/hdl/vhdl/simple_threshold.vhd:11' bound to instance 'U0' of component 'simple_threshold' [c:/Users/ruuud/spring2025/cse145/WORKINGPROJECTIDEA/HFT_PYNQZ1-Z2/src/hft_proj/hft_proj.gen/sources_1/bd/design_1/ip/design_1_simple_threshold_0_0/synth/design_1_simple_threshold_0_0.vhd:173]
INFO: [Synth 8-638] synthesizing module 'simple_threshold' [c:/Users/ruuud/spring2025/cse145/WORKINGPROJECTIDEA/HFT_PYNQZ1-Z2/src/hft_proj/hft_proj.gen/sources_1/bd/design_1/ipshared/3ef4/hdl/vhdl/simple_threshold.vhd:39]
	Parameter DataWidth bound to: 96 - type: integer 
INFO: [Synth 8-3491] module 'simple_threshold_regslice_both' declared at 'c:/Users/ruuud/spring2025/cse145/WORKINGPROJECTIDEA/HFT_PYNQZ1-Z2/src/hft_proj/hft_proj.gen/sources_1/bd/design_1/ipshared/3ef4/hdl/vhdl/simple_threshold_regslice_both.vhd:11' bound to instance 'regslice_both_top_bid_U' of component 'simple_threshold_regslice_both' [c:/Users/ruuud/spring2025/cse145/WORKINGPROJECTIDEA/HFT_PYNQZ1-Z2/src/hft_proj/hft_proj.gen/sources_1/bd/design_1/ipshared/3ef4/hdl/vhdl/simple_threshold.vhd:216]
INFO: [Synth 8-638] synthesizing module 'simple_threshold_regslice_both' [c:/Users/ruuud/spring2025/cse145/WORKINGPROJECTIDEA/HFT_PYNQZ1-Z2/src/hft_proj/hft_proj.gen/sources_1/bd/design_1/ipshared/3ef4/hdl/vhdl/simple_threshold_regslice_both.vhd:29]
INFO: [Synth 8-256] done synthesizing module 'simple_threshold_regslice_both' (0#1) [c:/Users/ruuud/spring2025/cse145/WORKINGPROJECTIDEA/HFT_PYNQZ1-Z2/src/hft_proj/hft_proj.gen/sources_1/bd/design_1/ipshared/3ef4/hdl/vhdl/simple_threshold_regslice_both.vhd:29]
	Parameter DataWidth bound to: 64 - type: integer 
INFO: [Synth 8-3491] module 'simple_threshold_regslice_both' declared at 'c:/Users/ruuud/spring2025/cse145/WORKINGPROJECTIDEA/HFT_PYNQZ1-Z2/src/hft_proj/hft_proj.gen/sources_1/bd/design_1/ipshared/3ef4/hdl/vhdl/simple_threshold_regslice_both.vhd:11' bound to instance 'regslice_both_top_ask_U' of component 'simple_threshold_regslice_both' [c:/Users/ruuud/spring2025/cse145/WORKINGPROJECTIDEA/HFT_PYNQZ1-Z2/src/hft_proj/hft_proj.gen/sources_1/bd/design_1/ipshared/3ef4/hdl/vhdl/simple_threshold.vhd:230]
INFO: [Synth 8-638] synthesizing module 'simple_threshold_regslice_both__parameterized1' [c:/Users/ruuud/spring2025/cse145/WORKINGPROJECTIDEA/HFT_PYNQZ1-Z2/src/hft_proj/hft_proj.gen/sources_1/bd/design_1/ipshared/3ef4/hdl/vhdl/simple_threshold_regslice_both.vhd:29]
INFO: [Synth 8-256] done synthesizing module 'simple_threshold_regslice_both__parameterized1' (0#1) [c:/Users/ruuud/spring2025/cse145/WORKINGPROJECTIDEA/HFT_PYNQZ1-Z2/src/hft_proj/hft_proj.gen/sources_1/bd/design_1/ipshared/3ef4/hdl/vhdl/simple_threshold_regslice_both.vhd:29]
	Parameter DataWidth bound to: 64 - type: integer 
INFO: [Synth 8-3491] module 'simple_threshold_regslice_both' declared at 'c:/Users/ruuud/spring2025/cse145/WORKINGPROJECTIDEA/HFT_PYNQZ1-Z2/src/hft_proj/hft_proj.gen/sources_1/bd/design_1/ipshared/3ef4/hdl/vhdl/simple_threshold_regslice_both.vhd:11' bound to instance 'regslice_both_incoming_time_U' of component 'simple_threshold_regslice_both' [c:/Users/ruuud/spring2025/cse145/WORKINGPROJECTIDEA/HFT_PYNQZ1-Z2/src/hft_proj/hft_proj.gen/sources_1/bd/design_1/ipshared/3ef4/hdl/vhdl/simple_threshold.vhd:244]
	Parameter DataWidth bound to: 96 - type: integer 
INFO: [Synth 8-3491] module 'simple_threshold_regslice_both' declared at 'c:/Users/ruuud/spring2025/cse145/WORKINGPROJECTIDEA/HFT_PYNQZ1-Z2/src/hft_proj/hft_proj.gen/sources_1/bd/design_1/ipshared/3ef4/hdl/vhdl/simple_threshold_regslice_both.vhd:11' bound to instance 'regslice_both_incoming_meta_U' of component 'simple_threshold_regslice_both' [c:/Users/ruuud/spring2025/cse145/WORKINGPROJECTIDEA/HFT_PYNQZ1-Z2/src/hft_proj/hft_proj.gen/sources_1/bd/design_1/ipshared/3ef4/hdl/vhdl/simple_threshold.vhd:258]
	Parameter DataWidth bound to: 64 - type: integer 
INFO: [Synth 8-3491] module 'simple_threshold_regslice_both' declared at 'c:/Users/ruuud/spring2025/cse145/WORKINGPROJECTIDEA/HFT_PYNQZ1-Z2/src/hft_proj/hft_proj.gen/sources_1/bd/design_1/ipshared/3ef4/hdl/vhdl/simple_threshold_regslice_both.vhd:11' bound to instance 'regslice_both_outgoing_order_U' of component 'simple_threshold_regslice_both' [c:/Users/ruuud/spring2025/cse145/WORKINGPROJECTIDEA/HFT_PYNQZ1-Z2/src/hft_proj/hft_proj.gen/sources_1/bd/design_1/ipshared/3ef4/hdl/vhdl/simple_threshold.vhd:272]
	Parameter DataWidth bound to: 64 - type: integer 
INFO: [Synth 8-3491] module 'simple_threshold_regslice_both' declared at 'c:/Users/ruuud/spring2025/cse145/WORKINGPROJECTIDEA/HFT_PYNQZ1-Z2/src/hft_proj/hft_proj.gen/sources_1/bd/design_1/ipshared/3ef4/hdl/vhdl/simple_threshold_regslice_both.vhd:11' bound to instance 'regslice_both_outgoing_time_U' of component 'simple_threshold_regslice_both' [c:/Users/ruuud/spring2025/cse145/WORKINGPROJECTIDEA/HFT_PYNQZ1-Z2/src/hft_proj/hft_proj.gen/sources_1/bd/design_1/ipshared/3ef4/hdl/vhdl/simple_threshold.vhd:286]
	Parameter DataWidth bound to: 96 - type: integer 
INFO: [Synth 8-3491] module 'simple_threshold_regslice_both' declared at 'c:/Users/ruuud/spring2025/cse145/WORKINGPROJECTIDEA/HFT_PYNQZ1-Z2/src/hft_proj/hft_proj.gen/sources_1/bd/design_1/ipshared/3ef4/hdl/vhdl/simple_threshold_regslice_both.vhd:11' bound to instance 'regslice_both_outgoing_meta_U' of component 'simple_threshold_regslice_both' [c:/Users/ruuud/spring2025/cse145/WORKINGPROJECTIDEA/HFT_PYNQZ1-Z2/src/hft_proj/hft_proj.gen/sources_1/bd/design_1/ipshared/3ef4/hdl/vhdl/simple_threshold.vhd:300]
INFO: [Synth 8-256] done synthesizing module 'simple_threshold' (0#1) [c:/Users/ruuud/spring2025/cse145/WORKINGPROJECTIDEA/HFT_PYNQZ1-Z2/src/hft_proj/hft_proj.gen/sources_1/bd/design_1/ipshared/3ef4/hdl/vhdl/simple_threshold.vhd:39]
INFO: [Synth 8-256] done synthesizing module 'design_1_simple_threshold_0_0' (0#1) [c:/Users/ruuud/spring2025/cse145/WORKINGPROJECTIDEA/HFT_PYNQZ1-Z2/src/hft_proj/hft_proj.gen/sources_1/bd/design_1/ip/design_1_simple_threshold_0_0/synth/design_1_simple_threshold_0_0.vhd:84]
WARNING: [Synth 8-6014] Unused sequential element ap_predicate_pred100_state7_reg was removed.  [c:/Users/ruuud/spring2025/cse145/WORKINGPROJECTIDEA/HFT_PYNQZ1-Z2/src/hft_proj/hft_proj.gen/sources_1/bd/design_1/ipshared/3ef4/hdl/vhdl/simple_threshold.vhd:367]
WARNING: [Synth 8-6014] Unused sequential element ap_predicate_pred128_state8_reg was removed.  [c:/Users/ruuud/spring2025/cse145/WORKINGPROJECTIDEA/HFT_PYNQZ1-Z2/src/hft_proj/hft_proj.gen/sources_1/bd/design_1/ipshared/3ef4/hdl/vhdl/simple_threshold.vhd:380]
INFO: [Synth 8-4490] FSM extraction disabled for register 'ap_CS_fsm_reg' through user attribute
---------------------------------------------------------------------------------
Finished RTL Elaboration : Time (s): cpu = 00:00:08 ; elapsed = 00:00:14 . Memory (MB): peak = 1467.812 ; gain = 581.457
---------------------------------------------------------------------------------
---------------------------------------------------------------------------------
Start Handling Custom Attributes
---------------------------------------------------------------------------------
---------------------------------------------------------------------------------
Finished Handling Custom Attributes : Time (s): cpu = 00:00:08 ; elapsed = 00:00:14 . Memory (MB): peak = 1467.812 ; gain = 581.457
---------------------------------------------------------------------------------
---------------------------------------------------------------------------------
Finished RTL Optimization Phase 1 : Time (s): cpu = 00:00:08 ; elapsed = 00:00:14 . Memory (MB): peak = 1467.812 ; gain = 581.457
---------------------------------------------------------------------------------
Netlist sorting complete. Time (s): cpu = 00:00:00 ; elapsed = 00:00:00.042 . Memory (MB): peak = 1467.812 ; gain = 0.000
INFO: [Project 1-570] Preparing netlist for logic optimization

Processing XDC Constraints
Initializing timing engine
Parsing XDC File [c:/Users/ruuud/spring2025/cse145/WORKINGPROJECTIDEA/HFT_PYNQZ1-Z2/src/hft_proj/hft_proj.gen/sources_1/bd/design_1/ip/design_1_simple_threshold_0_0/constraints/simple_threshold_ooc.xdc] for cell 'U0'
Finished Parsing XDC File [c:/Users/ruuud/spring2025/cse145/WORKINGPROJECTIDEA/HFT_PYNQZ1-Z2/src/hft_proj/hft_proj.gen/sources_1/bd/design_1/ip/design_1_simple_threshold_0_0/constraints/simple_threshold_ooc.xdc] for cell 'U0'
Parsing XDC File [C:/Users/ruuud/spring2025/cse145/WORKINGPROJECTIDEA/HFT_PYNQZ1-Z2/src/hft_proj/hft_proj.runs/design_1_simple_threshold_0_0_synth_1/dont_touch.xdc]
Finished Parsing XDC File [C:/Users/ruuud/spring2025/cse145/WORKINGPROJECTIDEA/HFT_PYNQZ1-Z2/src/hft_proj/hft_proj.runs/design_1_simple_threshold_0_0_synth_1/dont_touch.xdc]
Completed Processing XDC Constraints

Netlist sorting complete. Time (s): cpu = 00:00:00 ; elapsed = 00:00:00.003 . Memory (MB): peak = 1566.672 ; gain = 0.000
INFO: [Project 1-111] Unisim Transformation Summary:
No Unisim elements were transformed.

Constraint Validation Runtime : Time (s): cpu = 00:00:00 ; elapsed = 00:00:00.102 . Memory (MB): peak = 1566.684 ; gain = 0.012
INFO: [Designutils 20-5008] Incremental synthesis strategy off
---------------------------------------------------------------------------------
Finished Constraint Validation : Time (s): cpu = 00:00:18 ; elapsed = 00:00:27 . Memory (MB): peak = 1566.684 ; gain = 680.328
---------------------------------------------------------------------------------
---------------------------------------------------------------------------------
Start Loading Part and Timing Information
---------------------------------------------------------------------------------
Loading part: xc7z020clg400-1
---------------------------------------------------------------------------------
Finished Loading Part and Timing Information : Time (s): cpu = 00:00:18 ; elapsed = 00:00:27 . Memory (MB): peak = 1566.684 ; gain = 680.328
---------------------------------------------------------------------------------
---------------------------------------------------------------------------------
Start Applying 'set_property' XDC Constraints
---------------------------------------------------------------------------------
Applied set_property KEEP_HIERARCHY = SOFT for U0. (constraint file  C:/Users/ruuud/spring2025/cse145/WORKINGPROJECTIDEA/HFT_PYNQZ1-Z2/src/hft_proj/hft_proj.runs/design_1_simple_threshold_0_0_synth_1/dont_touch.xdc, line 9).
---------------------------------------------------------------------------------
Finished applying 'set_property' XDC Constraints : Time (s): cpu = 00:00:18 ; elapsed = 00:00:27 . Memory (MB): peak = 1566.684 ; gain = 680.328
---------------------------------------------------------------------------------
INFO: [Synth 8-802] inferred FSM for state register 'state_reg' in module 'simple_threshold_regslice_both'
INFO: [Synth 8-802] inferred FSM for state register 'state_reg' in module 'simple_threshold_regslice_both__parameterized1'
INFO: [Synth 8-4490] FSM extraction disabled for register 'ap_CS_fsm_reg' through user attribute
INFO: [Synth 8-4490] FSM extraction disabled for register 'ap_CS_fsm_reg' through user attribute
---------------------------------------------------------------------------------------------------
                   State |                     New Encoding |                Previous Encoding 
---------------------------------------------------------------------------------------------------
                  iSTATE |                               00 |                               00
*
                    zero |                               01 |                               10
                     one |                               11 |                               11
                     two |                               10 |                               01
---------------------------------------------------------------------------------------------------
INFO: [Synth 8-3354] encoded FSM with state register 'state_reg' using encoding 'sequential' in module 'simple_threshold_regslice_both'
---------------------------------------------------------------------------------------------------
                   State |                     New Encoding |                Previous Encoding 
---------------------------------------------------------------------------------------------------
                  iSTATE |                               00 |                               00
*
                    zero |                               01 |                               10
                     one |                               11 |                               11
                     two |                               10 |                               01
---------------------------------------------------------------------------------------------------
INFO: [Synth 8-3354] encoded FSM with state register 'state_reg' using encoding 'sequential' in module 'simple_threshold_regslice_both__parameterized1'
---------------------------------------------------------------------------------
Finished RTL Optimization Phase 2 : Time (s): cpu = 00:00:19 ; elapsed = 00:00:27 . Memory (MB): peak = 1566.684 ; gain = 680.328
---------------------------------------------------------------------------------
---------------------------------------------------------------------------------
Start RTL Component Statistics 
---------------------------------------------------------------------------------
Detailed RTL Component Info : 
+---Registers : 
	               96 Bit    Registers := 7     
	               64 Bit    Registers := 9     
	                5 Bit    Registers := 1     
	                2 Bit    Registers := 7     
	                1 Bit    Registers := 22    
+---Muxes : 
	   2 Input   96 Bit        Muxes := 4     
	   2 Input   64 Bit        Muxes := 5     
	   2 Input    5 Bit        Muxes := 1     
	   2 Input    4 Bit        Muxes := 1     
	   2 Input    3 Bit        Muxes := 1     
	   2 Input    2 Bit        Muxes := 71    
	   4 Input    2 Bit        Muxes := 28    
	   2 Input    1 Bit        Muxes := 30    
---------------------------------------------------------------------------------
Finished RTL Component Statistics 
---------------------------------------------------------------------------------
---------------------------------------------------------------------------------
Start Part Resource Summary
---------------------------------------------------------------------------------
Part Resources:
DSPs: 220 (col length:60)
BRAMs: 280 (col length: RAMB18 60 RAMB36 30)
---------------------------------------------------------------------------------
Finished Part Resource Summary
---------------------------------------------------------------------------------
---------------------------------------------------------------------------------
Start Cross Boundary and Area Optimization
---------------------------------------------------------------------------------
WARNING: [Synth 8-7080] Parallel synthesis criteria is not met
WARNING: [Synth 8-3936] Found unconnected internal register 'regslice_both_top_bid_U/data_p1_reg' and it is trimmed from '96' to '16' bits. [c:/Users/ruuud/spring2025/cse145/WORKINGPROJECTIDEA/HFT_PYNQZ1-Z2/src/hft_proj/hft_proj.gen/sources_1/bd/design_1/ipshared/3ef4/hdl/vhdl/simple_threshold_regslice_both.vhd:43]
WARNING: [Synth 8-3936] Found unconnected internal register 'regslice_both_top_bid_U/data_p2_reg' and it is trimmed from '96' to '16' bits. [c:/Users/ruuud/spring2025/cse145/WORKINGPROJECTIDEA/HFT_PYNQZ1-Z2/src/hft_proj/hft_proj.gen/sources_1/bd/design_1/ipshared/3ef4/hdl/vhdl/simple_threshold_regslice_both.vhd:61]
WARNING: [Synth 8-3936] Found unconnected internal register 'regslice_both_top_ask_U/data_p1_reg' and it is trimmed from '64' to '16' bits. [c:/Users/ruuud/spring2025/cse145/WORKINGPROJECTIDEA/HFT_PYNQZ1-Z2/src/hft_proj/hft_proj.gen/sources_1/bd/design_1/ipshared/3ef4/hdl/vhdl/simple_threshold_regslice_both.vhd:43]
WARNING: [Synth 8-3936] Found unconnected internal register 'regslice_both_top_ask_U/data_p2_reg' and it is trimmed from '64' to '16' bits. [c:/Users/ruuud/spring2025/cse145/WORKINGPROJECTIDEA/HFT_PYNQZ1-Z2/src/hft_proj/hft_proj.gen/sources_1/bd/design_1/ipshared/3ef4/hdl/vhdl/simple_threshold_regslice_both.vhd:61]
WARNING: [Synth 8-7129] Port top_bid_TDATA[95] in module simple_threshold is either unconnected or has no load
WARNING: [Synth 8-7129] Port top_bid_TDATA[94] in module simple_threshold is either unconnected or has no load
WARNING: [Synth 8-7129] Port top_bid_TDATA[93] in module simple_threshold is either unconnected or has no load
WARNING: [Synth 8-7129] Port top_bid_TDATA[92] in module simple_threshold is either unconnected or has no load
WARNING: [Synth 8-7129] Port top_bid_TDATA[91] in module simple_threshold is either unconnected or has no load
WARNING: [Synth 8-7129] Port top_bid_TDATA[90] in module simple_threshold is either unconnected or has no load
WARNING: [Synth 8-7129] Port top_bid_TDATA[89] in module simple_threshold is either unconnected or has no load
WARNING: [Synth 8-7129] Port top_bid_TDATA[88] in module simple_threshold is either unconnected or has no load
WARNING: [Synth 8-7129] Port top_bid_TDATA[87] in module simple_threshold is either unconnected or has no load
WARNING: [Synth 8-7129] Port top_bid_TDATA[86] in module simple_threshold is either unconnected or has no load
WARNING: [Synth 8-7129] Port top_bid_TDATA[85] in module simple_threshold is either unconnected or has no load
WARNING: [Synth 8-7129] Port top_bid_TDATA[84] in module simple_threshold is either unconnected or has no load
WARNING: [Synth 8-7129] Port top_bid_TDATA[83] in module simple_threshold is either unconnected or has no load
WARNING: [Synth 8-7129] Port top_bid_TDATA[82] in module simple_threshold is either unconnected or has no load
WARNING: [Synth 8-7129] Port top_bid_TDATA[81] in module simple_threshold is either unconnected or has no load
WARNING: [Synth 8-7129] Port top_bid_TDATA[80] in module simple_threshold is either unconnected or has no load
WARNING: [Synth 8-7129] Port top_bid_TDATA[79] in module simple_threshold is either unconnected or has no load
WARNING: [Synth 8-7129] Port top_bid_TDATA[78] in module simple_threshold is either unconnected or has no load
WARNING: [Synth 8-7129] Port top_bid_TDATA[77] in module simple_threshold is either unconnected or has no load
WARNING: [Synth 8-7129] Port top_bid_TDATA[76] in module simple_threshold is either unconnected or has no load
WARNING: [Synth 8-7129] Port top_bid_TDATA[75] in module simple_threshold is either unconnected or has no load
WARNING: [Synth 8-7129] Port top_bid_TDATA[74] in module simple_threshold is either unconnected or has no load
WARNING: [Synth 8-7129] Port top_bid_TDATA[73] in module simple_threshold is either unconnected or has no load
WARNING: [Synth 8-7129] Port top_bid_TDATA[72] in module simple_threshold is either unconnected or has no load
WARNING: [Synth 8-7129] Port top_bid_TDATA[71] in module simple_threshold is either unconnected or has no load
WARNING: [Synth 8-7129] Port top_bid_TDATA[70] in module simple_threshold is either unconnected or has no load
WARNING: [Synth 8-7129] Port top_bid_TDATA[69] in module simple_threshold is either unconnected or has no load
WARNING: [Synth 8-7129] Port top_bid_TDATA[68] in module simple_threshold is either unconnected or has no load
WARNING: [Synth 8-7129] Port top_bid_TDATA[67] in module simple_threshold is either unconnected or has no load
WARNING: [Synth 8-7129] Port top_bid_TDATA[66] in module simple_threshold is either unconnected or has no load
WARNING: [Synth 8-7129] Port top_bid_TDATA[65] in module simple_threshold is either unconnected or has no load
WARNING: [Synth 8-7129] Port top_bid_TDATA[64] in module simple_threshold is either unconnected or has no load
WARNING: [Synth 8-7129] Port top_bid_TDATA[63] in module simple_threshold is either unconnected or has no load
WARNING: [Synth 8-7129] Port top_bid_TDATA[62] in module simple_threshold is either unconnected or has no load
WARNING: [Synth 8-7129] Port top_bid_TDATA[61] in module simple_threshold is either unconnected or has no load
WARNING: [Synth 8-7129] Port top_bid_TDATA[60] in module simple_threshold is either unconnected or has no load
WARNING: [Synth 8-7129] Port top_bid_TDATA[59] in module simple_threshold is either unconnected or has no load
WARNING: [Synth 8-7129] Port top_bid_TDATA[58] in module simple_threshold is either unconnected or has no load
WARNING: [Synth 8-7129] Port top_bid_TDATA[57] in module simple_threshold is either unconnected or has no load
WARNING: [Synth 8-7129] Port top_bid_TDATA[56] in module simple_threshold is either unconnected or has no load
WARNING: [Synth 8-7129] Port top_bid_TDATA[55] in module simple_threshold is either unconnected or has no load
WARNING: [Synth 8-7129] Port top_bid_TDATA[54] in module simple_threshold is either unconnected or has no load
WARNING: [Synth 8-7129] Port top_bid_TDATA[53] in module simple_threshold is either unconnected or has no load
WARNING: [Synth 8-7129] Port top_bid_TDATA[52] in module simple_threshold is either unconnected or has no load
WARNING: [Synth 8-7129] Port top_bid_TDATA[51] in module simple_threshold is either unconnected or has no load
WARNING: [Synth 8-7129] Port top_bid_TDATA[50] in module simple_threshold is either unconnected or has no load
WARNING: [Synth 8-7129] Port top_bid_TDATA[49] in module simple_threshold is either unconnected or has no load
WARNING: [Synth 8-7129] Port top_bid_TDATA[48] in module simple_threshold is either unconnected or has no load
WARNING: [Synth 8-7129] Port top_bid_TDATA[47] in module simple_threshold is either unconnected or has no load
WARNING: [Synth 8-7129] Port top_bid_TDATA[46] in module simple_threshold is either unconnected or has no load
WARNING: [Synth 8-7129] Port top_bid_TDATA[45] in module simple_threshold is either unconnected or has no load
WARNING: [Synth 8-7129] Port top_bid_TDATA[44] in module simple_threshold is either unconnected or has no load
WARNING: [Synth 8-7129] Port top_bid_TDATA[43] in module simple_threshold is either unconnected or has no load
WARNING: [Synth 8-7129] Port top_bid_TDATA[42] in module simple_threshold is either unconnected or has no load
WARNING: [Synth 8-7129] Port top_bid_TDATA[41] in module simple_threshold is either unconnected or has no load
WARNING: [Synth 8-7129] Port top_bid_TDATA[40] in module simple_threshold is either unconnected or has no load
WARNING: [Synth 8-7129] Port top_bid_TDATA[39] in module simple_threshold is either unconnected or has no load
WARNING: [Synth 8-7129] Port top_bid_TDATA[38] in module simple_threshold is either unconnected or has no load
WARNING: [Synth 8-7129] Port top_bid_TDATA[37] in module simple_threshold is either unconnected or has no load
WARNING: [Synth 8-7129] Port top_bid_TDATA[36] in module simple_threshold is either unconnected or has no load
WARNING: [Synth 8-7129] Port top_bid_TDATA[35] in module simple_threshold is either unconnected or has no load
WARNING: [Synth 8-7129] Port top_bid_TDATA[34] in module simple_threshold is either unconnected or has no load
WARNING: [Synth 8-7129] Port top_bid_TDATA[33] in module simple_threshold is either unconnected or has no load
WARNING: [Synth 8-7129] Port top_bid_TDATA[32] in module simple_threshold is either unconnected or has no load
WARNING: [Synth 8-7129] Port top_bid_TDATA[31] in module simple_threshold is either unconnected or has no load
WARNING: [Synth 8-7129] Port top_bid_TDATA[30] in module simple_threshold is either unconnected or has no load
WARNING: [Synth 8-7129] Port top_bid_TDATA[29] in module simple_threshold is either unconnected or has no load
WARNING: [Synth 8-7129] Port top_bid_TDATA[28] in module simple_threshold is either unconnected or has no load
WARNING: [Synth 8-7129] Port top_bid_TDATA[27] in module simple_threshold is either unconnected or has no load
WARNING: [Synth 8-7129] Port top_bid_TDATA[26] in module simple_threshold is either unconnected or has no load
WARNING: [Synth 8-7129] Port top_bid_TDATA[25] in module simple_threshold is either unconnected or has no load
WARNING: [Synth 8-7129] Port top_bid_TDATA[24] in module simple_threshold is either unconnected or has no load
WARNING: [Synth 8-7129] Port top_bid_TDATA[23] in module simple_threshold is either unconnected or has no load
WARNING: [Synth 8-7129] Port top_bid_TDATA[22] in module simple_threshold is either unconnected or has no load
WARNING: [Synth 8-7129] Port top_bid_TDATA[21] in module simple_threshold is either unconnected or has no load
WARNING: [Synth 8-7129] Port top_bid_TDATA[20] in module simple_threshold is either unconnected or has no load
WARNING: [Synth 8-7129] Port top_bid_TDATA[19] in module simple_threshold is either unconnected or has no load
WARNING: [Synth 8-7129] Port top_bid_TDATA[18] in module simple_threshold is either unconnected or has no load
WARNING: [Synth 8-7129] Port top_bid_TDATA[17] in module simple_threshold is either unconnected or has no load
WARNING: [Synth 8-7129] Port top_bid_TDATA[16] in module simple_threshold is either unconnected or has no load
WARNING: [Synth 8-7129] Port top_ask_TDATA[63] in module simple_threshold is either unconnected or has no load
WARNING: [Synth 8-7129] Port top_ask_TDATA[62] in module simple_threshold is either unconnected or has no load
WARNING: [Synth 8-7129] Port top_ask_TDATA[61] in module simple_threshold is either unconnected or has no load
WARNING: [Synth 8-7129] Port top_ask_TDATA[60] in module simple_threshold is either unconnected or has no load
WARNING: [Synth 8-7129] Port top_ask_TDATA[59] in module simple_threshold is either unconnected or has no load
WARNING: [Synth 8-7129] Port top_ask_TDATA[58] in module simple_threshold is either unconnected or has no load
WARNING: [Synth 8-7129] Port top_ask_TDATA[57] in module simple_threshold is either unconnected or has no load
WARNING: [Synth 8-7129] Port top_ask_TDATA[56] in module simple_threshold is either unconnected or has no load
WARNING: [Synth 8-7129] Port top_ask_TDATA[55] in module simple_threshold is either unconnected or has no load
WARNING: [Synth 8-7129] Port top_ask_TDATA[54] in module simple_threshold is either unconnected or has no load
WARNING: [Synth 8-7129] Port top_ask_TDATA[53] in module simple_threshold is either unconnected or has no load
WARNING: [Synth 8-7129] Port top_ask_TDATA[52] in module simple_threshold is either unconnected or has no load
WARNING: [Synth 8-7129] Port top_ask_TDATA[51] in module simple_threshold is either unconnected or has no load
WARNING: [Synth 8-7129] Port top_ask_TDATA[50] in module simple_threshold is either unconnected or has no load
WARNING: [Synth 8-7129] Port top_ask_TDATA[49] in module simple_threshold is either unconnected or has no load
WARNING: [Synth 8-7129] Port top_ask_TDATA[48] in module simple_threshold is either unconnected or has no load
WARNING: [Synth 8-7129] Port top_ask_TDATA[47] in module simple_threshold is either unconnected or has no load
WARNING: [Synth 8-7129] Port top_ask_TDATA[46] in module simple_threshold is either unconnected or has no load
WARNING: [Synth 8-7129] Port top_ask_TDATA[45] in module simple_threshold is either unconnected or has no load
WARNING: [Synth 8-7129] Port top_ask_TDATA[44] in module simple_threshold is either unconnected or has no load
INFO: [Common 17-14] Message 'Synth 8-7129' appears 100 times and further instances of the messages will be disabled. Use the Tcl command set_msg_config to change the current settings.
---------------------------------------------------------------------------------
Finished Cross Boundary and Area Optimization : Time (s): cpu = 00:00:23 ; elapsed = 00:00:32 . Memory (MB): peak = 1566.684 ; gain = 680.328
---------------------------------------------------------------------------------
---------------------------------------------------------------------------------
Start Applying XDC Timing Constraints
---------------------------------------------------------------------------------
---------------------------------------------------------------------------------
Finished Applying XDC Timing Constraints : Time (s): cpu = 00:00:31 ; elapsed = 00:00:43 . Memory (MB): peak = 1661.133 ; gain = 774.777
---------------------------------------------------------------------------------
---------------------------------------------------------------------------------
Start Timing Optimization
---------------------------------------------------------------------------------
---------------------------------------------------------------------------------
Finished Timing Optimization : Time (s): cpu = 00:00:34 ; elapsed = 00:00:46 . Memory (MB): peak = 1730.277 ; gain = 843.922
---------------------------------------------------------------------------------
---------------------------------------------------------------------------------
Start Technology Mapping
---------------------------------------------------------------------------------
---------------------------------------------------------------------------------
Finished Technology Mapping : Time (s): cpu = 00:00:34 ; elapsed = 00:00:47 . Memory (MB): peak = 1737.754 ; gain = 851.398
---------------------------------------------------------------------------------
---------------------------------------------------------------------------------
Start IO Insertion
---------------------------------------------------------------------------------
---------------------------------------------------------------------------------
Start Flattening Before IO Insertion
---------------------------------------------------------------------------------
---------------------------------------------------------------------------------
Finished Flattening Before IO Insertion
---------------------------------------------------------------------------------
---------------------------------------------------------------------------------
Start Final Netlist Cleanup
---------------------------------------------------------------------------------
---------------------------------------------------------------------------------
Finished Final Netlist Cleanup
---------------------------------------------------------------------------------
---------------------------------------------------------------------------------
Finished IO Insertion : Time (s): cpu = 00:00:39 ; elapsed = 00:00:52 . Memory (MB): peak = 1907.988 ; gain = 1021.633
---------------------------------------------------------------------------------
---------------------------------------------------------------------------------
Start Renaming Generated Instances
---------------------------------------------------------------------------------
---------------------------------------------------------------------------------
Finished Renaming Generated Instances : Time (s): cpu = 00:00:39 ; elapsed = 00:00:52 . Memory (MB): peak = 1907.988 ; gain = 1021.633
---------------------------------------------------------------------------------
---------------------------------------------------------------------------------
Start Rebuilding User Hierarchy
---------------------------------------------------------------------------------
---------------------------------------------------------------------------------
Finished Rebuilding User Hierarchy : Time (s): cpu = 00:00:39 ; elapsed = 00:00:52 . Memory (MB): peak = 1907.988 ; gain = 1021.633
---------------------------------------------------------------------------------
---------------------------------------------------------------------------------
Start Renaming Generated Ports
---------------------------------------------------------------------------------
---------------------------------------------------------------------------------
Finished Renaming Generated Ports : Time (s): cpu = 00:00:39 ; elapsed = 00:00:52 . Memory (MB): peak = 1907.988 ; gain = 1021.633
---------------------------------------------------------------------------------
---------------------------------------------------------------------------------
Start Handling Custom Attributes
---------------------------------------------------------------------------------
---------------------------------------------------------------------------------
Finished Handling Custom Attributes : Time (s): cpu = 00:00:39 ; elapsed = 00:00:52 . Memory (MB): peak = 1907.988 ; gain = 1021.633
---------------------------------------------------------------------------------
---------------------------------------------------------------------------------
Start Renaming Generated Nets
---------------------------------------------------------------------------------
---------------------------------------------------------------------------------
Finished Renaming Generated Nets : Time (s): cpu = 00:00:39 ; elapsed = 00:00:52 . Memory (MB): peak = 1907.988 ; gain = 1021.633
---------------------------------------------------------------------------------
---------------------------------------------------------------------------------
Start Writing Synthesis Report
---------------------------------------------------------------------------------

Report BlackBoxes: 
+-+--------------+----------+
| |BlackBox name |Instances |
+-+--------------+----------+
+-+--------------+----------+

Report Cell Usage: 
+------+-----+------+
|      |Cell |Count |
+------+-----+------+
|1     |LUT1 |     2|
|2     |LUT2 |    12|
|3     |LUT3 |   170|
|4     |LUT4 |   217|
|5     |LUT5 |    28|
|6     |LUT6 |   185|
|7     |FDRE |   906|
|8     |FDSE |    15|
+------+-----+------+
---------------------------------------------------------------------------------
Finished Writing Synthesis Report : Time (s): cpu = 00:00:39 ; elapsed = 00:00:52 . Memory (MB): peak = 1907.988 ; gain = 1021.633
---------------------------------------------------------------------------------
Synthesis finished with 0 errors, 0 critical warnings and 133 warnings.
Synthesis Optimization Runtime : Time (s): cpu = 00:00:28 ; elapsed = 00:00:48 . Memory (MB): peak = 1907.988 ; gain = 922.762
Synthesis Optimization Complete : Time (s): cpu = 00:00:39 ; elapsed = 00:00:52 . Memory (MB): peak = 1907.988 ; gain = 1021.633
INFO: [Project 1-571] Translating synthesized netlist
Netlist sorting complete. Time (s): cpu = 00:00:00 ; elapsed = 00:00:00.017 . Memory (MB): peak = 1917.082 ; gain = 0.000
INFO: [Project 1-570] Preparing netlist for logic optimization
INFO: [Opt 31-138] Pushed 0 inverter(s) to 0 load pin(s).
Netlist sorting complete. Time (s): cpu = 00:00:00 ; elapsed = 00:00:00 . Memory (MB): peak = 1918.281 ; gain = 0.000
INFO: [Project 1-111] Unisim Transformation Summary:
No Unisim elements were transformed.

Synth Design complete | Checksum: bf9e45b0
INFO: [Common 17-83] Releasing license: Synthesis
45 Infos, 108 Warnings, 0 Critical Warnings and 0 Errors encountered.
synth_design completed successfully
synth_design: Time (s): cpu = 00:00:45 ; elapsed = 00:01:27 . Memory (MB): peak = 1918.281 ; gain = 1254.012
Write ShapeDB Complete: Time (s): cpu = 00:00:00 ; elapsed = 00:00:00.003 . Memory (MB): peak = 1918.281 ; gain = 0.000
INFO: [Common 17-1381] The checkpoint 'C:/Users/ruuud/spring2025/cse145/WORKINGPROJECTIDEA/HFT_PYNQZ1-Z2/src/hft_proj/hft_proj.runs/design_1_simple_threshold_0_0_synth_1/design_1_simple_threshold_0_0.dcp' has been generated.
INFO: [Coretcl 2-1648] Added synthesis output to IP cache for IP design_1_simple_threshold_0_0, cache-ID = e6ee10060b9f29ee
INFO: [Coretcl 2-1174] Renamed 8 cell refs.
Write ShapeDB Complete: Time (s): cpu = 00:00:00 ; elapsed = 00:00:00.002 . Memory (MB): peak = 1918.281 ; gain = 0.000
INFO: [Common 17-1381] The checkpoint 'C:/Users/ruuud/spring2025/cse145/WORKINGPROJECTIDEA/HFT_PYNQZ1-Z2/src/hft_proj/hft_proj.runs/design_1_simple_threshold_0_0_synth_1/design_1_simple_threshold_0_0.dcp' has been generated.
INFO: [Vivado 12-24828] Executing command : report_utilization -file design_1_simple_threshold_0_0_utilization_synth.rpt -pb design_1_simple_threshold_0_0_utilization_synth.pb
INFO: [Common 17-206] Exiting Vivado at Fri Jun 13 12:24:21 2025...
