C:/Users/ruuud/spring2025/cse145/AAAAHHHH/ECE1373_2016_hft_on_fpga/src/build_microblaze_to_switch_core.tcl:14:9: warning: HLS pragma dump _XLX_SEP_ PragmaIsValid=1_XLX_SEP_ PragmaType=top_XLX_SEP_ PragmaContext=directive_XLX_SEP_ PragmaFunction=MicroblazeToSwitch_XLX_SEP_ PragmaOptions=name=MicroblazeToSwitch_XLX_SEP_ [-Wdump-hls-pragmas]
#pragma HLSDIRECTIVE TOP name=MicroblazeToSwitch
        ^
microblaze_to_switch_src/MBtoSW.cpp:16:9: warning: HLS pragma dump _XLX_SEP_ PragmaIsValid=1_XLX_SEP_ PragmaType=interface_XLX_SEP_ PragmaContext=_XLX_SEP_ PragmaFunction=MicroblazeToSwitch_XLX_SEP_ PragmaOptions=ap_ctrl_none port=return_XLX_SEP_ [-Wdump-hls-pragmas]
#pragma HLS INTERFACE ap_ctrl_none port=return
        ^
microblaze_to_switch_src/MBtoSW.cpp:17:9: warning: HLS pragma dump _XLX_SEP_ PragmaIsValid=1_XLX_SEP_ PragmaType=interface_XLX_SEP_ PragmaContext=_XLX_SEP_ PragmaFunction=MicroblazeToSwitch_XLX_SEP_ PragmaOptions=axis register both port=rxLengthMonitor_XLX_SEP_ [-Wdump-hls-pragmas]
#pragma HLS INTERFACE axis register both port=rxLengthMonitor
        ^
microblaze_to_switch_src/MBtoSW.cpp:18:9: warning: HLS pragma dump _XLX_SEP_ PragmaIsValid=1_XLX_SEP_ PragmaType=interface_XLX_SEP_ PragmaContext=_XLX_SEP_ PragmaFunction=MicroblazeToSwitch_XLX_SEP_ PragmaOptions=axis register both port=rxDataMonitor_XLX_SEP_ [-Wdump-hls-pragmas]
#pragma HLS INTERFACE axis register both port=rxDataMonitor
        ^
microblaze_to_switch_src/MBtoSW.cpp:19:9: warning: HLS pragma dump _XLX_SEP_ PragmaIsValid=1_XLX_SEP_ PragmaType=aggregate_XLX_SEP_ PragmaContext=_XLX_SEP_ PragmaFunction=MicroblazeToSwitch_XLX_SEP_ PragmaOptions=variable=rxMetadataMonitor compact=bit_XLX_SEP_ [-Wdump-hls-pragmas]
#pragma HLS aggregate variable=rxMetadataMonitor compact=bit
        ^
microblaze_to_switch_src/MBtoSW.cpp:20:9: warning: HLS pragma dump _XLX_SEP_ PragmaIsValid=1_XLX_SEP_ PragmaType=interface_XLX_SEP_ PragmaContext=_XLX_SEP_ PragmaFunction=MicroblazeToSwitch_XLX_SEP_ PragmaOptions=axis register both port=rxMetadataMonitor_XLX_SEP_ [-Wdump-hls-pragmas]
#pragma HLS INTERFACE axis register both port=rxMetadataMonitor
        ^
microblaze_to_switch_src/MBtoSW.cpp:21:9: warning: HLS pragma dump _XLX_SEP_ PragmaIsValid=1_XLX_SEP_ PragmaType=interface_XLX_SEP_ PragmaContext=_XLX_SEP_ PragmaFunction=MicroblazeToSwitch_XLX_SEP_ PragmaOptions=s_axilite port=best_bid_sw_XLX_SEP_ [-Wdump-hls-pragmas]
#pragma HLS INTERFACE s_axilite port=best_bid_sw
        ^
microblaze_to_switch_src/MBtoSW.cpp:22:9: warning: HLS pragma dump _XLX_SEP_ PragmaIsValid=1_XLX_SEP_ PragmaType=interface_XLX_SEP_ PragmaContext=_XLX_SEP_ PragmaFunction=MicroblazeToSwitch_XLX_SEP_ PragmaOptions=s_axilite port=best_ask_sw_XLX_SEP_ [-Wdump-hls-pragmas]
#pragma HLS INTERFACE s_axilite port=best_ask_sw
        ^
microblaze_to_switch_src/MBtoSW.cpp:27:9: warning: HLS pragma dump _XLX_SEP_ PragmaIsValid=1_XLX_SEP_ PragmaType=pipeline_XLX_SEP_ PragmaContext=_XLX_SEP_ PragmaFunction=MicroblazeToSwitch_XLX_SEP_ PragmaOptions=II=1_XLX_SEP_ [-Wdump-hls-pragmas]
#pragma HLS PIPELINE II=1
        ^
9 warnings generated.
