C:\Users\ruuud\spring2025\cse145\AAAAHHHH\ECE1373_2016_hft_on_fpga\src\microblaze_to_switch_hls\solution1\.autopilot\db\MBtoSW.pp.0.cpp:2387:5: warning: Added loop label VITIS_LOOP_676_1:   [xilinx-label-all-loops]
    for (unsigned i = low; i != high+1; ++i) {
    ^~~
    VITIS_LOOP_676_1: 
C:\Users\ruuud\spring2025\cse145\AAAAHHHH\ECE1373_2016_hft_on_fpga\src\microblaze_to_switch_hls\solution1\.autopilot\db\MBtoSW.pp.0.cpp:2387:5: note: FIX-IT applied suggested code changes
C:\Users\ruuud\spring2025\cse145\AAAAHHHH\ECE1373_2016_hft_on_fpga\src\microblaze_to_switch_hls\solution1\.autopilot\db\MBtoSW.pp.0.cpp:2401:5: warning: Added loop label VITIS_LOOP_690_1:   [xilinx-label-all-loops]
    for (unsigned i = low; i != high+1; ++i) {
    ^~~
    VITIS_LOOP_690_1: 
C:\Users\ruuud\spring2025\cse145\AAAAHHHH\ECE1373_2016_hft_on_fpga\src\microblaze_to_switch_hls\solution1\.autopilot\db\MBtoSW.pp.0.cpp:2401:5: note: FIX-IT applied suggested code changes
C:\Users\ruuud\spring2025\cse145\AAAAHHHH\ECE1373_2016_hft_on_fpga\src\microblaze_to_switch_hls\solution1\.autopilot\db\MBtoSW.pp.0.cpp:2415:5: warning: Added loop label VITIS_LOOP_704_1:   [xilinx-label-all-loops]
    for (unsigned i = low; i != high+1; ++i) {
    ^~~
    VITIS_LOOP_704_1: 
C:\Users\ruuud\spring2025\cse145\AAAAHHHH\ECE1373_2016_hft_on_fpga\src\microblaze_to_switch_hls\solution1\.autopilot\db\MBtoSW.pp.0.cpp:2415:5: note: FIX-IT applied suggested code changes
C:\Users\ruuud\spring2025\cse145\AAAAHHHH\ECE1373_2016_hft_on_fpga\src\microblaze_to_switch_hls\solution1\.autopilot\db\MBtoSW.pp.0.cpp:4049:7: warning: Added loop label VITIS_LOOP_1248_1:   [xilinx-label-all-loops]
      for (i = 0; i < __N - 1; ++i) {
      ^~~
      VITIS_LOOP_1248_1: 
C:\Users\ruuud\spring2025\cse145\AAAAHHHH\ECE1373_2016_hft_on_fpga\src\microblaze_to_switch_hls\solution1\.autopilot\db\MBtoSW.pp.0.cpp:4049:7: note: FIX-IT applied suggested code changes
