==============================================================
Vitis HLS - High-Level Synthesis from C, C++ and OpenCL v2024.2 (64-bit)
Tool Version Limit: 2024.11
Copyright 1986-2022 Xilinx, Inc. All Rights Reserved.
Copyright 2022-2024 Advanced Micro Devices, Inc. All Rights Reserved.

==============================================================
INFO: [HLS 200-1505] Using flow_target 'vivado'
INFO: [HLS 200-1510] Running: set_part xc7z020-clg484-1 
INFO: [HLS 200-1611] Setting target device to 'xc7z020-clg484-1'
INFO: [HLS 200-1510] Running: create_clock -name default -period 10.0 
INFO: [SYN 201-201] Setting up clock 'default' with a period of 10ns.
INFO: [HLS 200-1510] Running: csynth_design 
INFO: [HLS 200-111] Finished File checks and directory preparation: CPU user time: 0 seconds. CPU system time: 0 seconds. Elapsed time: 0.122 seconds; current allocated memory: 256.375 MB.
INFO: [HLS 200-10] Analyzing design file 'threshold_src/simpleThreshold.cpp' ... 
WARNING: [HLS 207-5570] unexpected pragma argument ':', expects identifier (threshold_src/simpleThreshold.cpp:17:52)
INFO: [HLS 200-111] Finished Source Code Analysis and Preprocessing: CPU user time: 0 seconds. CPU system time: 0 seconds. Elapsed time: 4.284 seconds; current allocated memory: 259.191 MB.
INFO: [HLS 200-777] Using interface defaults for 'Vivado' flow target.
INFO: [HLS 200-1995] There were 1,945 instructions in the design after the 'Compile/Link' phase of compilation. See the Design Size Report for more details: C:/Users/ruuud/spring2025/cse145/AAAAHHHH/ECE1373_2016_hft_on_fpga/src/threshold_hls/solution1/syn/report/csynth_design_size.rpt
INFO: [HLS 200-1995] There were 69 instructions in the design after the 'Unroll/Inline (step 1)' phase of compilation. See the Design Size Report for more details: C:/Users/ruuud/spring2025/cse145/AAAAHHHH/ECE1373_2016_hft_on_fpga/src/threshold_hls/solution1/syn/report/csynth_design_size.rpt
INFO: [HLS 200-1995] There were 58 instructions in the design after the 'Unroll/Inline (step 2)' phase of compilation. See the Design Size Report for more details: C:/Users/ruuud/spring2025/cse145/AAAAHHHH/ECE1373_2016_hft_on_fpga/src/threshold_hls/solution1/syn/report/csynth_design_size.rpt
INFO: [HLS 200-1995] There were 58 instructions in the design after the 'Unroll/Inline (step 3)' phase of compilation. See the Design Size Report for more details: C:/Users/ruuud/spring2025/cse145/AAAAHHHH/ECE1373_2016_hft_on_fpga/src/threshold_hls/solution1/syn/report/csynth_design_size.rpt
INFO: [HLS 200-1995] There were 58 instructions in the design after the 'Unroll/Inline (step 4)' phase of compilation. See the Design Size Report for more details: C:/Users/ruuud/spring2025/cse145/AAAAHHHH/ECE1373_2016_hft_on_fpga/src/threshold_hls/solution1/syn/report/csynth_design_size.rpt
INFO: [HLS 200-1995] There were 58 instructions in the design after the 'Array/Struct (step 1)' phase of compilation. See the Design Size Report for more details: C:/Users/ruuud/spring2025/cse145/AAAAHHHH/ECE1373_2016_hft_on_fpga/src/threshold_hls/solution1/syn/report/csynth_design_size.rpt
INFO: [HLS 200-1995] There were 58 instructions in the design after the 'Array/Struct (step 2)' phase of compilation. See the Design Size Report for more details: C:/Users/ruuud/spring2025/cse145/AAAAHHHH/ECE1373_2016_hft_on_fpga/src/threshold_hls/solution1/syn/report/csynth_design_size.rpt
INFO: [HLS 200-1995] There were 58 instructions in the design after the 'Array/Struct (step 3)' phase of compilation. See the Design Size Report for more details: C:/Users/ruuud/spring2025/cse145/AAAAHHHH/ECE1373_2016_hft_on_fpga/src/threshold_hls/solution1/syn/report/csynth_design_size.rpt
INFO: [HLS 200-1995] There were 132 instructions in the design after the 'Array/Struct (step 4)' phase of compilation. See the Design Size Report for more details: C:/Users/ruuud/spring2025/cse145/AAAAHHHH/ECE1373_2016_hft_on_fpga/src/threshold_hls/solution1/syn/report/csynth_design_size.rpt
INFO: [HLS 200-1995] There were 112 instructions in the design after the 'Array/Struct (step 5)' phase of compilation. See the Design Size Report for more details: C:/Users/ruuud/spring2025/cse145/AAAAHHHH/ECE1373_2016_hft_on_fpga/src/threshold_hls/solution1/syn/report/csynth_design_size.rpt
INFO: [HLS 200-1995] There were 114 instructions in the design after the 'Performance (step 1)' phase of compilation. See the Design Size Report for more details: C:/Users/ruuud/spring2025/cse145/AAAAHHHH/ECE1373_2016_hft_on_fpga/src/threshold_hls/solution1/syn/report/csynth_design_size.rpt
INFO: [HLS 200-1995] There were 111 instructions in the design after the 'Performance (step 2)' phase of compilation. See the Design Size Report for more details: C:/Users/ruuud/spring2025/cse145/AAAAHHHH/ECE1373_2016_hft_on_fpga/src/threshold_hls/solution1/syn/report/csynth_design_size.rpt
INFO: [HLS 200-1995] There were 110 instructions in the design after the 'Performance (step 3)' phase of compilation. See the Design Size Report for more details: C:/Users/ruuud/spring2025/cse145/AAAAHHHH/ECE1373_2016_hft_on_fpga/src/threshold_hls/solution1/syn/report/csynth_design_size.rpt
INFO: [HLS 200-1995] There were 110 instructions in the design after the 'Performance (step 4)' phase of compilation. See the Design Size Report for more details: C:/Users/ruuud/spring2025/cse145/AAAAHHHH/ECE1373_2016_hft_on_fpga/src/threshold_hls/solution1/syn/report/csynth_design_size.rpt
INFO: [HLS 200-1995] There were 94 instructions in the design after the 'HW Transforms (step 1)' phase of compilation. See the Design Size Report for more details: C:/Users/ruuud/spring2025/cse145/AAAAHHHH/ECE1373_2016_hft_on_fpga/src/threshold_hls/solution1/syn/report/csynth_design_size.rpt
INFO: [HLS 200-1995] There were 106 instructions in the design after the 'HW Transforms (step 2)' phase of compilation. See the Design Size Report for more details: C:/Users/ruuud/spring2025/cse145/AAAAHHHH/ECE1373_2016_hft_on_fpga/src/threshold_hls/solution1/syn/report/csynth_design_size.rpt
INFO: [HLS 214-241] Aggregating axis (hls::stream) variable 'top_ask' with compact=bit mode in 64-bits (threshold_src/simpleThreshold.cpp:11:0)
INFO: [HLS 214-241] Aggregating axis (hls::stream) variable 'incoming_meta' with compact=bit mode in 96-bits (threshold_src/simpleThreshold.cpp:11:0)
INFO: [HLS 214-241] Aggregating axis (hls::stream) variable 'outgoing_order' with compact=bit mode in 64-bits (threshold_src/simpleThreshold.cpp:11:0)
INFO: [HLS 214-241] Aggregating axis (hls::stream) variable 'outgoing_meta' with compact=bit mode in 96-bits (threshold_src/simpleThreshold.cpp:11:0)
INFO: [HLS 200-111] Finished Compiling Optimization and Transform: CPU user time: 1 seconds. CPU system time: 0 seconds. Elapsed time: 7.424 seconds; current allocated memory: 260.859 MB.
INFO: [HLS 200-111] Finished Checking Pragmas: CPU user time: 0 seconds. CPU system time: 0 seconds. Elapsed time: 0.005 seconds; current allocated memory: 260.859 MB.
INFO: [HLS 200-10] Starting code transformations ...
INFO: [HLS 200-111] Finished Standard Transforms: CPU user time: 0 seconds. CPU system time: 0 seconds. Elapsed time: 0.049 seconds; current allocated memory: 265.625 MB.
INFO: [HLS 200-10] Checking synthesizability ...
INFO: [HLS 200-111] Finished Checking Synthesizability: CPU user time: 0 seconds. CPU system time: 0 seconds. Elapsed time: 0.042 seconds; current allocated memory: 267.961 MB.
INFO: [HLS 200-111] Finished Loop, function and other optimizations: CPU user time: 0 seconds. CPU system time: 0 seconds. Elapsed time: 0.067 seconds; current allocated memory: 289.902 MB.
INFO: [HLS 200-111] Finished Architecture Synthesis: CPU user time: 0 seconds. CPU system time: 0 seconds. Elapsed time: 0.061 seconds; current allocated memory: 289.906 MB.
INFO: [HLS 200-10] Starting hardware synthesis ...
INFO: [HLS 200-10] Synthesizing 'simple_threshold' ...
INFO: [HLS 200-10] ----------------------------------------------------------------
INFO: [HLS 200-42] -- Implementing module 'simple_threshold' 
INFO: [HLS 200-10] ----------------------------------------------------------------
INFO: [SCHED 204-11] Starting scheduling ...
INFO: [SCHED 204-61] Pipelining function 'simple_threshold'.
WARNING: [HLS 200-880] The II Violation in module 'simple_threshold' (function 'simple_threshold'): Unable to enforce a carried dependence constraint (II = 1, distance = 1, offset = 1) between axis read operation ('top_bid_read', threshold_src/simpleThreshold.cpp:55) on port 'top_bid' (threshold_src/simpleThreshold.cpp:55) and axis request operation ('tmp', threshold_src/simpleThreshold.cpp:47) on port 'top_bid' (threshold_src/simpleThreshold.cpp:47).
WARNING: [HLS 200-880] The II Violation in module 'simple_threshold' (function 'simple_threshold'): Unable to enforce a carried dependence constraint (II = 2, distance = 1, offset = 1) between axis read operation ('top_bid_read', threshold_src/simpleThreshold.cpp:55) on port 'top_bid' (threshold_src/simpleThreshold.cpp:55) and axis request operation ('tmp', threshold_src/simpleThreshold.cpp:47) on port 'top_bid' (threshold_src/simpleThreshold.cpp:47).
WARNING: [HLS 200-880] The II Violation in module 'simple_threshold' (function 'simple_threshold'): Unable to enforce a carried dependence constraint (II = 3, distance = 1, offset = 1) between axis read operation ('top_bid_read', threshold_src/simpleThreshold.cpp:55) on port 'top_bid' (threshold_src/simpleThreshold.cpp:55) and axis request operation ('tmp', threshold_src/simpleThreshold.cpp:47) on port 'top_bid' (threshold_src/simpleThreshold.cpp:47).
WARNING: [HLS 200-880] The II Violation in module 'simple_threshold' (function 'simple_threshold'): Unable to enforce a carried dependence constraint (II = 4, distance = 1, offset = 1) between axis write operation ('outgoing_order_write_ln66', threshold_src/simpleThreshold.cpp:66) on port 'outgoing_order' (threshold_src/simpleThreshold.cpp:66) and axis request operation ('tmp_4', threshold_src/simpleThreshold.cpp:51) on port 'outgoing_order' (threshold_src/simpleThreshold.cpp:51).
INFO: [HLS 200-1470] Pipelining result : Target II = 1, Final II = 5, Depth = 8, function 'simple_threshold'
INFO: [SCHED 204-11] Finished scheduling.
INFO: [HLS 200-111] Finished Scheduling: CPU user time: 0 seconds. CPU system time: 0 seconds. Elapsed time: 0.266 seconds; current allocated memory: 289.906 MB.
INFO: [BIND 205-100] Starting micro-architecture generation ...
INFO: [BIND 205-101] Performing variable lifetime analysis.
INFO: [BIND 205-101] Exploring resource sharing.
INFO: [BIND 205-101] Binding ...
INFO: [BIND 205-100] Finished micro-architecture generation.
INFO: [HLS 200-111] Finished Binding: CPU user time: 0 seconds. CPU system time: 0 seconds. Elapsed time: 0.089 seconds; current allocated memory: 289.906 MB.
INFO: [HLS 200-10] ----------------------------------------------------------------
INFO: [HLS 200-10] -- Generating RTL for module 'simple_threshold' 
INFO: [HLS 200-10] ----------------------------------------------------------------
WARNING: [RTGEN 206-101] Design contains AXI ports. Reset is fixed to synchronous and active low.
INFO: [RTGEN 206-500] Setting interface mode on port 'simple_threshold/top_bid' to 'axis' (register, both mode).
INFO: [RTGEN 206-500] Setting interface mode on port 'simple_threshold/top_ask' to 'axis' (register, both mode).
INFO: [RTGEN 206-500] Setting interface mode on port 'simple_threshold/incoming_time' to 'axis' (register, both mode).
INFO: [RTGEN 206-500] Setting interface mode on port 'simple_threshold/incoming_meta' to 'axis' (register, both mode).
INFO: [RTGEN 206-500] Setting interface mode on port 'simple_threshold/outgoing_order' to 'axis' (register, both mode).
INFO: [RTGEN 206-500] Setting interface mode on port 'simple_threshold/outgoing_time' to 'axis' (register, both mode).
INFO: [RTGEN 206-500] Setting interface mode on port 'simple_threshold/outgoing_meta' to 'axis' (register, both mode).
INFO: [RTGEN 206-500] Setting interface mode on function 'simple_threshold' to 'ap_ctrl_none'.
INFO: [HLS 200-1030] Apply Unified Pipeline Control on module 'simple_threshold' pipeline 'simple_threshold' pipeline type 'function pipeline'
INFO: [RTGEN 206-100] Finished creating RTL model for 'simple_threshold'.
INFO: [HLS 200-111] Finished Creating RTL model: CPU user time: 0 seconds. CPU system time: 0 seconds. Elapsed time: 0.222 seconds; current allocated memory: 290.430 MB.
INFO: [HLS 200-111] Finished Generating all RTL models: CPU user time: 0 seconds. CPU system time: 0 seconds. Elapsed time: 0.559 seconds; current allocated memory: 294.941 MB.
INFO: [HLS 200-111] Finished Updating report files: CPU user time: 0 seconds. CPU system time: 1 seconds. Elapsed time: 0.6 seconds; current allocated memory: 295.934 MB.
INFO: [VHDL 208-304] Generating VHDL RTL for simple_threshold.
INFO: [VLOG 209-307] Generating Verilog RTL for simple_threshold.
INFO: [HLS 200-789] **** Estimated Fmax: 137.81 MHz
INFO: [HLS 200-2161] Finished Command csynth_design Elapsed time: 00:00:13; Allocated memory: 39.770 MB.
INFO: [HLS 200-1510] Running: export_design -format ip_catalog 
INFO: [IMPL 213-8] Exporting RTL as a Vivado IP.
INFO: [HLS 200-802] Generated output file threshold_hls/solution1/impl/export.zip
INFO: [HLS 200-2161] Finished Command export_design Elapsed time: 00:00:13; Allocated memory: 4.809 MB.
