================================================================
== Design Size Report
================================================================

* Total Instructions per Compilation Phase
+---------------+-----------------------------+--------------+----------------------------------------------------------------------------------------+
| Phase         | Step                        | Instructions | Description                                                                            |
+---------------+-----------------------------+--------------+----------------------------------------------------------------------------------------+
| Compile/Link  |                             |  6,143       | After all functions are compiled and linked into a single design                       |
|               |                             |              |                                                                                        |
| Unroll/Inline |                             |              | After user unroll and inline pragmas are applied                                       |
|               | (1) unroll                  |  5,259       | user unroll pragmas are applied                                                        |
|               | (2) simplification          |  4,307       | simplification of applied user unroll pragmas                                          |
|               | (3) inline                  |  4,315       | user inline pragmas are applied                                                        |
|               | (4) simplification          |  4,295       | simplification of applied user inline pragmas                                          |
|               |                             |              |                                                                                        |
| Array/Struct  |                             |              | After user array partition and struct aggregate/disaggregate pragmas are applied       |
|               | (1) array partition         | 50,633       | user array partition pragmas are applied                                               |
|               | (2) simplification          | 14,913       | simplification of applied user array partition & struct aggregate/disaggregate pragmas |
|               | (3) aggregate/disaggregate  | 14,913       | user struct aggregate/disaggregate pragmas are applied                                 |
|               | (4) array reshape           | 14,889       | apply array reshape pragmas                                                            |
|               | (5) access patterns         | 14,963       | array access pattern optmizations                                                      |
|               |                             |              |                                                                                        |
| Performance   |                             |              | After transformations are applied to meet performance pragma targets                   |
|               | (1) loop simplification     | 14,963       | loop and instruction simplification                                                    |
|               | (2) parallelization         | 14,895       | loops are unrolled or pipelined to meet performance targets                            |
|               | (3) array partition         | 14,889       | arrays are partitioned to meet performance targets                                     |
|               | (4) simplification          | 14,889       | simplification of design after performance transformations                             |
|               |                             |              |                                                                                        |
| HW Transforms |                             |              | After hardware transfomations                                                          |
|               | (1) lowering                | 14,901       | initial conversion to HW specific instructions                                         |
|               | (2) optimizations           | 14,981       | high level synthesis optimizations                                                     |
+---------------+-----------------------------+--------------+----------------------------------------------------------------------------------------+

* Instructions per Function for each Compilation Phase
+---------------------+------------------------+-----------------+---------------+--------------+-------------+---------------+
| Function            | Location               | Compile/Link    | Unroll/Inline | Array/Struct | Performance | HW Transforms |
+---------------------+------------------------+-----------------+---------------+--------------+-------------+---------------+
| + order_book        | priority_queue.cpp:274 | 6,143           | 4,295         | 14,963       | 14,889      | 14,981        |
|  + add_bid          | priority_queue.cpp:44  |  676 (2 calls)  |               |              |             |               |
|     log_base_2      | priority_queue.cpp:4   |   22 (2 calls)  |               |              |             |               |
|   + find_path       | priority_queue.cpp:14  |   36 (2 calls)  |               |              |             |               |
|      pow2           | priority_queue.cpp:9   |    4 (2 calls)  |               |              |             |               |
|     calculate_index | priority_queue.cpp:26  |   22 (2 calls)  |               |              |             |               |
|  + remove_bid       | priority_queue.cpp:109 | 1,482 (6 calls) |               |              |             |               |
|     left_child      | priority_queue.cpp:32  |  108 (12 calls) |               |              |             |               |
|     right_child     | priority_queue.cpp:37  |  120 (12 calls) |               |              |             |               |
|  + add_ask          | priority_queue.cpp:158 |  808 (2 calls)  |               |              |             |               |
|     log_base_2      | priority_queue.cpp:4   |   22 (2 calls)  |               |              |             |               |
|   + find_path       | priority_queue.cpp:14  |   36 (2 calls)  |               |              |             |               |
|      pow2           | priority_queue.cpp:9   |    4 (2 calls)  |               |              |             |               |
|     calculate_index | priority_queue.cpp:26  |   22 (2 calls)  |               |              |             |               |
|  + remove_ask       | priority_queue.cpp:223 | 2,034 (6 calls) |               |              |             |               |
|     left_child      | priority_queue.cpp:32  |  108 (12 calls) |               |              |             |               |
|     right_child     | priority_queue.cpp:37  |  120 (12 calls) |               |              |             |               |
+---------------------+------------------------+-----------------+---------------+--------------+-------------+---------------+

* Design Size Message Settings
+---------------------------------------------+--------+------------------------------------------------------------------+
| Message Setting                             | Value  | Description                                                      |
+---------------------------------------------+--------+------------------------------------------------------------------+
| config_compile -design_size_maximum_warning | 100000 | Show a warning when total design instructions exceeds this value |
+---------------------------------------------+--------+------------------------------------------------------------------+


