
*** Running vivado
    with args -log design_1_top_bid_converter_0.vds -m64 -product Vivado -mode batch -messageDb vivado.pb -notrace -source design_1_top_bid_converter_0.tcl



****** Vivado v2024.2 (64-bit)
  **** SW Build 5239630 on Fri Nov 08 22:35:27 MST 2024
  **** IP Build 5239520 on Sun Nov 10 16:12:51 MST 2024
  **** SharedData Build 5239561 on Fri Nov 08 14:39:27 MST 2024
  **** Start of session at: Sun Jun  8 13:37:50 2025
    ** Copyright 1986-2022 Xilinx, Inc. All Rights Reserved.
    ** Copyright 2022-2024 Advanced Micro Devices, Inc. All Rights Reserved.

source design_1_top_bid_converter_0.tcl -notrace
create_project: Time (s): cpu = 00:00:05 ; elapsed = 00:00:06 . Memory (MB): peak = 620.152 ; gain = 191.430
INFO: [IP_Flow 19-234] Refreshing IP repositories
INFO: [IP_Flow 19-1700] Loaded user IP repository 'c:/Users/ruuud/spring2025/cse145/WORKINGPROJECTIDEA/HFT_PYNQZ1-Z2/src/fast_hls'.
INFO: [IP_Flow 19-1700] Loaded user IP repository 'c:/Users/ruuud/spring2025/cse145/WORKINGPROJECTIDEA/HFT_PYNQZ1-Z2/src/order_book_hls'.
INFO: [IP_Flow 19-1700] Loaded user IP repository 'c:/Users/ruuud/spring2025/cse145/WORKINGPROJECTIDEA/HFT_PYNQZ1-Z2/src/threshold_hls'.
INFO: [IP_Flow 19-1700] Loaded user IP repository 'c:/Users/ruuud/spring2025/cse145/WORKINGPROJECTIDEA/HFT_PYNQZ1-Z2/src/microblaze_to_switch_hls'.
INFO: [IP_Flow 19-1700] Loaded user IP repository 'c:/Users/ruuud/spring2025/cse145/WORKINGPROJECTIDEA/HFT_PYNQZ1-Z2/src/udp_hls'.
INFO: [IP_Flow 19-2313] Loaded Vivado IP repository 'C:/Xilinx/Vivado/2024.2/data/ip'.
WARNING: [IP_Flow 19-4995] The host OS only allows 260 characters in a normal path. The IP cache path is more than 80 characters. If you experience issues with IP caching, please consider changing the IP cache to a location with a shorter path. Alternately consider using the OS subst command to map part of the path to a drive letter. 
Current IP cache path is c:/Users/ruuud/spring2025/cse145/WORKINGPROJECTIDEA/HFT_PYNQZ1-Z2/src/hft_proj/hft_proj.cache/ip 
INFO: [IP_Flow 19-6924] IPCACHE: Running cache check for IP inst: design_1_top_bid_converter_0
INFO: [IP_Flow 19-6922] IPCACHE: Exporting cached entry 85bcb5202df17b53 to dir: C:/Users/ruuud/spring2025/cse145/WORKINGPROJECTIDEA/HFT_PYNQZ1-Z2/src/hft_proj/hft_proj.runs/design_1_top_bid_converter_0_synth_1
INFO: [IP_Flow 19-6928] IPCACHE: copied cached file c:/Users/ruuud/spring2025/cse145/WORKINGPROJECTIDEA/HFT_PYNQZ1-Z2/src/hft_proj/hft_proj.cache/ip/2024.2/8/5/85bcb5202df17b53/design_1_order_data_converter_0.dcp to C:/Users/ruuud/spring2025/cse145/WORKINGPROJECTIDEA/HFT_PYNQZ1-Z2/src/hft_proj/hft_proj.runs/design_1_top_bid_converter_0_synth_1/design_1_top_bid_converter_0.dcp.
INFO: [IP_Flow 19-6928] IPCACHE: copied cached file c:/Users/ruuud/spring2025/cse145/WORKINGPROJECTIDEA/HFT_PYNQZ1-Z2/src/hft_proj/hft_proj.cache/ip/2024.2/8/5/85bcb5202df17b53/design_1_order_data_converter_0_sim_netlist.v to C:/Users/ruuud/spring2025/cse145/WORKINGPROJECTIDEA/HFT_PYNQZ1-Z2/src/hft_proj/hft_proj.runs/design_1_top_bid_converter_0_synth_1/design_1_top_bid_converter_0_sim_netlist.v.
INFO: [IP_Flow 19-6928] IPCACHE: copied cached file c:/Users/ruuud/spring2025/cse145/WORKINGPROJECTIDEA/HFT_PYNQZ1-Z2/src/hft_proj/hft_proj.cache/ip/2024.2/8/5/85bcb5202df17b53/design_1_order_data_converter_0_sim_netlist.vhdl to C:/Users/ruuud/spring2025/cse145/WORKINGPROJECTIDEA/HFT_PYNQZ1-Z2/src/hft_proj/hft_proj.runs/design_1_top_bid_converter_0_synth_1/design_1_top_bid_converter_0_sim_netlist.vhdl.
INFO: [IP_Flow 19-6928] IPCACHE: copied cached file c:/Users/ruuud/spring2025/cse145/WORKINGPROJECTIDEA/HFT_PYNQZ1-Z2/src/hft_proj/hft_proj.cache/ip/2024.2/8/5/85bcb5202df17b53/design_1_order_data_converter_0_stub.v to C:/Users/ruuud/spring2025/cse145/WORKINGPROJECTIDEA/HFT_PYNQZ1-Z2/src/hft_proj/hft_proj.runs/design_1_top_bid_converter_0_synth_1/design_1_top_bid_converter_0_stub.v.
INFO: [IP_Flow 19-6928] IPCACHE: copied cached file c:/Users/ruuud/spring2025/cse145/WORKINGPROJECTIDEA/HFT_PYNQZ1-Z2/src/hft_proj/hft_proj.cache/ip/2024.2/8/5/85bcb5202df17b53/design_1_order_data_converter_0_stub.vhdl to C:/Users/ruuud/spring2025/cse145/WORKINGPROJECTIDEA/HFT_PYNQZ1-Z2/src/hft_proj/hft_proj.runs/design_1_top_bid_converter_0_synth_1/design_1_top_bid_converter_0_stub.vhdl.
INFO: [IP_Flow 19-4838] Using cached IP synthesis design for IP design_1_top_bid_converter_0, cache-ID = 85bcb5202df17b53.
INFO: [Common 17-206] Exiting Vivado at Sun Jun  8 13:38:01 2025...
