
*** Running vivado
    with args -log design_1_meta_converter_0.vds -m64 -product Vivado -mode batch -messageDb vivado.pb -notrace -source design_1_meta_converter_0.tcl



****** Vivado v2024.2 (64-bit)
  **** SW Build 5239630 on Fri Nov 08 22:35:27 MST 2024
  **** IP Build 5239520 on Sun Nov 10 16:12:51 MST 2024
  **** SharedData Build 5239561 on Fri Nov 08 14:39:27 MST 2024
  **** Start of session at: Sun Jun  1 15:34:16 2025
    ** Copyright 1986-2022 Xilinx, Inc. All Rights Reserved.
    ** Copyright 2022-2024 Advanced Micro Devices, Inc. All Rights Reserved.

source design_1_meta_converter_0.tcl -notrace
create_project: Time (s): cpu = 00:00:06 ; elapsed = 00:00:06 . Memory (MB): peak = 620.145 ; gain = 192.566
INFO: [IP_Flow 19-234] Refreshing IP repositories
INFO: [IP_Flow 19-1700] Loaded user IP repository 'c:/Users/ruuud/spring2025/cse145/WORKINGPROJECTIDEA/ECE1373_2016_hft_on_fpga/src/fast_hls'.
INFO: [IP_Flow 19-1700] Loaded user IP repository 'c:/Users/ruuud/spring2025/cse145/WORKINGPROJECTIDEA/ECE1373_2016_hft_on_fpga/src/order_book_hls'.
INFO: [IP_Flow 19-1700] Loaded user IP repository 'c:/Users/ruuud/spring2025/cse145/WORKINGPROJECTIDEA/ECE1373_2016_hft_on_fpga/src/threshold_hls'.
INFO: [IP_Flow 19-1700] Loaded user IP repository 'c:/Users/ruuud/spring2025/cse145/WORKINGPROJECTIDEA/ECE1373_2016_hft_on_fpga/src/microblaze_to_switch_hls'.
INFO: [IP_Flow 19-1700] Loaded user IP repository 'c:/Users/ruuud/spring2025/cse145/WORKINGPROJECTIDEA/ECE1373_2016_hft_on_fpga/src/udp_hls'.
INFO: [IP_Flow 19-2313] Loaded Vivado IP repository 'C:/Xilinx/Vivado/2024.2/data/ip'.
WARNING: [IP_Flow 19-4995] The host OS only allows 260 characters in a normal path. The IP cache path is more than 80 characters. If you experience issues with IP caching, please consider changing the IP cache to a location with a shorter path. Alternately consider using the OS subst command to map part of the path to a drive letter. 
Current IP cache path is c:/Users/ruuud/spring2025/cse145/WORKINGPROJECTIDEA/ECE1373_2016_hft_on_fpga/src/hft_proj/hft_proj.cache/ip 
INFO: [IP_Flow 19-6924] IPCACHE: Running cache check for IP inst: design_1_meta_converter_0
Command: synth_design -top design_1_meta_converter_0 -part xc7z020clg400-1 -incremental_mode off -mode out_of_context
Starting synth_design
Attempting to get a license for feature 'Synthesis' and/or device 'xc7z020'
INFO: [Common 17-349] Got license for feature 'Synthesis' and/or device 'xc7z020'
INFO: [Device 21-403] Loading part xc7z020clg400-1
INFO: [Synth 8-7079] Multithreading enabled for synth_design using a maximum of 2 processes.
INFO: [Synth 8-7078] Launching helper process for spawning children vivado processes
INFO: [Synth 8-7075] Helper process launched with PID 26608
---------------------------------------------------------------------------------
Starting RTL Elaboration : Time (s): cpu = 00:00:05 ; elapsed = 00:00:05 . Memory (MB): peak = 1331.023 ; gain = 466.891
---------------------------------------------------------------------------------
INFO: [Synth 8-6157] synthesizing module 'design_1_meta_converter_0' [c:/Users/ruuud/spring2025/cse145/WORKINGPROJECTIDEA/ECE1373_2016_hft_on_fpga/src/hft_proj/hft_proj.gen/sources_1/bd/design_1/ip/design_1_meta_converter_0/synth/design_1_meta_converter_0.v:53]
INFO: [Synth 8-6157] synthesizing module 'axis_dwidth_converter_v1_1_32_axis_dwidth_converter' [c:/Users/ruuud/spring2025/cse145/WORKINGPROJECTIDEA/ECE1373_2016_hft_on_fpga/src/hft_proj/hft_proj.gen/sources_1/bd/design_1/ipshared/e446/hdl/axis_dwidth_converter_v1_1_vl_rfs.v:814]
INFO: [Synth 8-6157] synthesizing module 'axis_dwidth_converter_v1_1_32_axisc_upsizer' [c:/Users/ruuud/spring2025/cse145/WORKINGPROJECTIDEA/ECE1373_2016_hft_on_fpga/src/hft_proj/hft_proj.gen/sources_1/bd/design_1/ipshared/e446/hdl/axis_dwidth_converter_v1_1_vl_rfs.v:434]
INFO: [Synth 8-6155] done synthesizing module 'axis_dwidth_converter_v1_1_32_axisc_upsizer' (0#1) [c:/Users/ruuud/spring2025/cse145/WORKINGPROJECTIDEA/ECE1373_2016_hft_on_fpga/src/hft_proj/hft_proj.gen/sources_1/bd/design_1/ipshared/e446/hdl/axis_dwidth_converter_v1_1_vl_rfs.v:434]
INFO: [Synth 8-6157] synthesizing module 'axis_dwidth_converter_v1_1_32_axisc_downsizer' [c:/Users/ruuud/spring2025/cse145/WORKINGPROJECTIDEA/ECE1373_2016_hft_on_fpga/src/hft_proj/hft_proj.gen/sources_1/bd/design_1/ipshared/e446/hdl/axis_dwidth_converter_v1_1_vl_rfs.v:60]
INFO: [Synth 8-6155] done synthesizing module 'axis_dwidth_converter_v1_1_32_axisc_downsizer' (0#1) [c:/Users/ruuud/spring2025/cse145/WORKINGPROJECTIDEA/ECE1373_2016_hft_on_fpga/src/hft_proj/hft_proj.gen/sources_1/bd/design_1/ipshared/e446/hdl/axis_dwidth_converter_v1_1_vl_rfs.v:60]
INFO: [Synth 8-6157] synthesizing module 'axis_register_slice_v1_1_33_axis_register_slice' [c:/Users/ruuud/spring2025/cse145/WORKINGPROJECTIDEA/ECE1373_2016_hft_on_fpga/src/hft_proj/hft_proj.gen/sources_1/bd/design_1/ipshared/259d/hdl/axis_register_slice_v1_1_vl_rfs.v:2830]
INFO: [Synth 8-6157] synthesizing module 'axis_infrastructure_v1_1_1_util_axis2vector' [c:/Users/ruuud/spring2025/cse145/WORKINGPROJECTIDEA/ECE1373_2016_hft_on_fpga/src/hft_proj/hft_proj.gen/sources_1/bd/design_1/ipshared/434f/hdl/axis_infrastructure_v1_1_vl_rfs.v:805]
INFO: [Synth 8-6155] done synthesizing module 'axis_infrastructure_v1_1_1_util_axis2vector' (0#1) [c:/Users/ruuud/spring2025/cse145/WORKINGPROJECTIDEA/ECE1373_2016_hft_on_fpga/src/hft_proj/hft_proj.gen/sources_1/bd/design_1/ipshared/434f/hdl/axis_infrastructure_v1_1_vl_rfs.v:805]
INFO: [Synth 8-6157] synthesizing module 'axis_register_slice_v1_1_33_axisc_register_slice' [c:/Users/ruuud/spring2025/cse145/WORKINGPROJECTIDEA/ECE1373_2016_hft_on_fpga/src/hft_proj/hft_proj.gen/sources_1/bd/design_1/ipshared/259d/hdl/axis_register_slice_v1_1_vl_rfs.v:1929]
INFO: [Synth 8-6155] done synthesizing module 'axis_register_slice_v1_1_33_axisc_register_slice' (0#1) [c:/Users/ruuud/spring2025/cse145/WORKINGPROJECTIDEA/ECE1373_2016_hft_on_fpga/src/hft_proj/hft_proj.gen/sources_1/bd/design_1/ipshared/259d/hdl/axis_register_slice_v1_1_vl_rfs.v:1929]
INFO: [Synth 8-6157] synthesizing module 'axis_infrastructure_v1_1_1_util_vector2axis' [c:/Users/ruuud/spring2025/cse145/WORKINGPROJECTIDEA/ECE1373_2016_hft_on_fpga/src/hft_proj/hft_proj.gen/sources_1/bd/design_1/ipshared/434f/hdl/axis_infrastructure_v1_1_vl_rfs.v:986]
INFO: [Synth 8-6155] done synthesizing module 'axis_infrastructure_v1_1_1_util_vector2axis' (0#1) [c:/Users/ruuud/spring2025/cse145/WORKINGPROJECTIDEA/ECE1373_2016_hft_on_fpga/src/hft_proj/hft_proj.gen/sources_1/bd/design_1/ipshared/434f/hdl/axis_infrastructure_v1_1_vl_rfs.v:986]
INFO: [Synth 8-6155] done synthesizing module 'axis_register_slice_v1_1_33_axis_register_slice' (0#1) [c:/Users/ruuud/spring2025/cse145/WORKINGPROJECTIDEA/ECE1373_2016_hft_on_fpga/src/hft_proj/hft_proj.gen/sources_1/bd/design_1/ipshared/259d/hdl/axis_register_slice_v1_1_vl_rfs.v:2830]
INFO: [Synth 8-6157] synthesizing module 'axis_register_slice_v1_1_33_axis_register_slice__parameterized0' [c:/Users/ruuud/spring2025/cse145/WORKINGPROJECTIDEA/ECE1373_2016_hft_on_fpga/src/hft_proj/hft_proj.gen/sources_1/bd/design_1/ipshared/259d/hdl/axis_register_slice_v1_1_vl_rfs.v:2830]
INFO: [Synth 8-6157] synthesizing module 'axis_infrastructure_v1_1_1_util_axis2vector__parameterized0' [c:/Users/ruuud/spring2025/cse145/WORKINGPROJECTIDEA/ECE1373_2016_hft_on_fpga/src/hft_proj/hft_proj.gen/sources_1/bd/design_1/ipshared/434f/hdl/axis_infrastructure_v1_1_vl_rfs.v:805]
INFO: [Synth 8-6155] done synthesizing module 'axis_infrastructure_v1_1_1_util_axis2vector__parameterized0' (0#1) [c:/Users/ruuud/spring2025/cse145/WORKINGPROJECTIDEA/ECE1373_2016_hft_on_fpga/src/hft_proj/hft_proj.gen/sources_1/bd/design_1/ipshared/434f/hdl/axis_infrastructure_v1_1_vl_rfs.v:805]
INFO: [Synth 8-6157] synthesizing module 'axis_register_slice_v1_1_33_axisc_register_slice__parameterized0' [c:/Users/ruuud/spring2025/cse145/WORKINGPROJECTIDEA/ECE1373_2016_hft_on_fpga/src/hft_proj/hft_proj.gen/sources_1/bd/design_1/ipshared/259d/hdl/axis_register_slice_v1_1_vl_rfs.v:1929]
INFO: [Synth 8-6155] done synthesizing module 'axis_register_slice_v1_1_33_axisc_register_slice__parameterized0' (0#1) [c:/Users/ruuud/spring2025/cse145/WORKINGPROJECTIDEA/ECE1373_2016_hft_on_fpga/src/hft_proj/hft_proj.gen/sources_1/bd/design_1/ipshared/259d/hdl/axis_register_slice_v1_1_vl_rfs.v:1929]
INFO: [Synth 8-6157] synthesizing module 'axis_infrastructure_v1_1_1_util_vector2axis__parameterized0' [c:/Users/ruuud/spring2025/cse145/WORKINGPROJECTIDEA/ECE1373_2016_hft_on_fpga/src/hft_proj/hft_proj.gen/sources_1/bd/design_1/ipshared/434f/hdl/axis_infrastructure_v1_1_vl_rfs.v:986]
INFO: [Synth 8-6155] done synthesizing module 'axis_infrastructure_v1_1_1_util_vector2axis__parameterized0' (0#1) [c:/Users/ruuud/spring2025/cse145/WORKINGPROJECTIDEA/ECE1373_2016_hft_on_fpga/src/hft_proj/hft_proj.gen/sources_1/bd/design_1/ipshared/434f/hdl/axis_infrastructure_v1_1_vl_rfs.v:986]
INFO: [Synth 8-6155] done synthesizing module 'axis_register_slice_v1_1_33_axis_register_slice__parameterized0' (0#1) [c:/Users/ruuud/spring2025/cse145/WORKINGPROJECTIDEA/ECE1373_2016_hft_on_fpga/src/hft_proj/hft_proj.gen/sources_1/bd/design_1/ipshared/259d/hdl/axis_register_slice_v1_1_vl_rfs.v:2830]
INFO: [Synth 8-6155] done synthesizing module 'axis_dwidth_converter_v1_1_32_axis_dwidth_converter' (0#1) [c:/Users/ruuud/spring2025/cse145/WORKINGPROJECTIDEA/ECE1373_2016_hft_on_fpga/src/hft_proj/hft_proj.gen/sources_1/bd/design_1/ipshared/e446/hdl/axis_dwidth_converter_v1_1_vl_rfs.v:814]
INFO: [Synth 8-6155] done synthesizing module 'design_1_meta_converter_0' (0#1) [c:/Users/ruuud/spring2025/cse145/WORKINGPROJECTIDEA/ECE1373_2016_hft_on_fpga/src/hft_proj/hft_proj.gen/sources_1/bd/design_1/ip/design_1_meta_converter_0/synth/design_1_meta_converter_0.v:53]
INFO: [Synth 8-4490] FSM extraction disabled for register 'state_reg' through user attribute
WARNING: [Synth 8-6014] Unused sequential element r0_is_null_r_reg was removed.  [c:/Users/ruuud/spring2025/cse145/WORKINGPROJECTIDEA/ECE1373_2016_hft_on_fpga/src/hft_proj/hft_proj.gen/sources_1/bd/design_1/ipshared/e446/hdl/axis_dwidth_converter_v1_1_vl_rfs.v:310]
INFO: [Synth 8-4490] FSM extraction disabled for register 'state_reg' through user attribute
WARNING: [Synth 8-7129] Port ACLK in module axis_register_slice_v1_1_33_axisc_register_slice__parameterized0 is either unconnected or has no load
WARNING: [Synth 8-7129] Port ACLK2X in module axis_register_slice_v1_1_33_axisc_register_slice__parameterized0 is either unconnected or has no load
WARNING: [Synth 8-7129] Port ARESET in module axis_register_slice_v1_1_33_axisc_register_slice__parameterized0 is either unconnected or has no load
WARNING: [Synth 8-7129] Port ACLKEN in module axis_register_slice_v1_1_33_axisc_register_slice__parameterized0 is either unconnected or has no load
WARNING: [Synth 8-7129] Port TSTRB[7] in module axis_infrastructure_v1_1_1_util_axis2vector__parameterized0 is either unconnected or has no load
WARNING: [Synth 8-7129] Port TSTRB[6] in module axis_infrastructure_v1_1_1_util_axis2vector__parameterized0 is either unconnected or has no load
WARNING: [Synth 8-7129] Port TSTRB[5] in module axis_infrastructure_v1_1_1_util_axis2vector__parameterized0 is either unconnected or has no load
WARNING: [Synth 8-7129] Port TSTRB[4] in module axis_infrastructure_v1_1_1_util_axis2vector__parameterized0 is either unconnected or has no load
WARNING: [Synth 8-7129] Port TSTRB[3] in module axis_infrastructure_v1_1_1_util_axis2vector__parameterized0 is either unconnected or has no load
WARNING: [Synth 8-7129] Port TSTRB[2] in module axis_infrastructure_v1_1_1_util_axis2vector__parameterized0 is either unconnected or has no load
WARNING: [Synth 8-7129] Port TSTRB[1] in module axis_infrastructure_v1_1_1_util_axis2vector__parameterized0 is either unconnected or has no load
WARNING: [Synth 8-7129] Port TSTRB[0] in module axis_infrastructure_v1_1_1_util_axis2vector__parameterized0 is either unconnected or has no load
WARNING: [Synth 8-7129] Port TKEEP[7] in module axis_infrastructure_v1_1_1_util_axis2vector__parameterized0 is either unconnected or has no load
WARNING: [Synth 8-7129] Port TKEEP[6] in module axis_infrastructure_v1_1_1_util_axis2vector__parameterized0 is either unconnected or has no load
WARNING: [Synth 8-7129] Port TKEEP[5] in module axis_infrastructure_v1_1_1_util_axis2vector__parameterized0 is either unconnected or has no load
WARNING: [Synth 8-7129] Port TKEEP[4] in module axis_infrastructure_v1_1_1_util_axis2vector__parameterized0 is either unconnected or has no load
WARNING: [Synth 8-7129] Port TKEEP[3] in module axis_infrastructure_v1_1_1_util_axis2vector__parameterized0 is either unconnected or has no load
WARNING: [Synth 8-7129] Port TKEEP[2] in module axis_infrastructure_v1_1_1_util_axis2vector__parameterized0 is either unconnected or has no load
WARNING: [Synth 8-7129] Port TKEEP[1] in module axis_infrastructure_v1_1_1_util_axis2vector__parameterized0 is either unconnected or has no load
WARNING: [Synth 8-7129] Port TKEEP[0] in module axis_infrastructure_v1_1_1_util_axis2vector__parameterized0 is either unconnected or has no load
WARNING: [Synth 8-7129] Port TLAST in module axis_infrastructure_v1_1_1_util_axis2vector__parameterized0 is either unconnected or has no load
WARNING: [Synth 8-7129] Port TID[0] in module axis_infrastructure_v1_1_1_util_axis2vector__parameterized0 is either unconnected or has no load
WARNING: [Synth 8-7129] Port TDEST[0] in module axis_infrastructure_v1_1_1_util_axis2vector__parameterized0 is either unconnected or has no load
WARNING: [Synth 8-7129] Port TUSER[7] in module axis_infrastructure_v1_1_1_util_axis2vector__parameterized0 is either unconnected or has no load
WARNING: [Synth 8-7129] Port TUSER[6] in module axis_infrastructure_v1_1_1_util_axis2vector__parameterized0 is either unconnected or has no load
WARNING: [Synth 8-7129] Port TUSER[5] in module axis_infrastructure_v1_1_1_util_axis2vector__parameterized0 is either unconnected or has no load
WARNING: [Synth 8-7129] Port TUSER[4] in module axis_infrastructure_v1_1_1_util_axis2vector__parameterized0 is either unconnected or has no load
WARNING: [Synth 8-7129] Port TUSER[3] in module axis_infrastructure_v1_1_1_util_axis2vector__parameterized0 is either unconnected or has no load
WARNING: [Synth 8-7129] Port TUSER[2] in module axis_infrastructure_v1_1_1_util_axis2vector__parameterized0 is either unconnected or has no load
WARNING: [Synth 8-7129] Port TUSER[1] in module axis_infrastructure_v1_1_1_util_axis2vector__parameterized0 is either unconnected or has no load
WARNING: [Synth 8-7129] Port TUSER[0] in module axis_infrastructure_v1_1_1_util_axis2vector__parameterized0 is either unconnected or has no load
WARNING: [Synth 8-7129] Port ACLK in module axis_register_slice_v1_1_33_axisc_register_slice is either unconnected or has no load
WARNING: [Synth 8-7129] Port ACLK2X in module axis_register_slice_v1_1_33_axisc_register_slice is either unconnected or has no load
WARNING: [Synth 8-7129] Port ARESET in module axis_register_slice_v1_1_33_axisc_register_slice is either unconnected or has no load
WARNING: [Synth 8-7129] Port ACLKEN in module axis_register_slice_v1_1_33_axisc_register_slice is either unconnected or has no load
WARNING: [Synth 8-7129] Port TSTRB[11] in module axis_infrastructure_v1_1_1_util_axis2vector is either unconnected or has no load
WARNING: [Synth 8-7129] Port TSTRB[10] in module axis_infrastructure_v1_1_1_util_axis2vector is either unconnected or has no load
WARNING: [Synth 8-7129] Port TSTRB[9] in module axis_infrastructure_v1_1_1_util_axis2vector is either unconnected or has no load
WARNING: [Synth 8-7129] Port TSTRB[8] in module axis_infrastructure_v1_1_1_util_axis2vector is either unconnected or has no load
WARNING: [Synth 8-7129] Port TSTRB[7] in module axis_infrastructure_v1_1_1_util_axis2vector is either unconnected or has no load
WARNING: [Synth 8-7129] Port TSTRB[6] in module axis_infrastructure_v1_1_1_util_axis2vector is either unconnected or has no load
WARNING: [Synth 8-7129] Port TSTRB[5] in module axis_infrastructure_v1_1_1_util_axis2vector is either unconnected or has no load
WARNING: [Synth 8-7129] Port TSTRB[4] in module axis_infrastructure_v1_1_1_util_axis2vector is either unconnected or has no load
WARNING: [Synth 8-7129] Port TSTRB[3] in module axis_infrastructure_v1_1_1_util_axis2vector is either unconnected or has no load
WARNING: [Synth 8-7129] Port TSTRB[2] in module axis_infrastructure_v1_1_1_util_axis2vector is either unconnected or has no load
WARNING: [Synth 8-7129] Port TSTRB[1] in module axis_infrastructure_v1_1_1_util_axis2vector is either unconnected or has no load
WARNING: [Synth 8-7129] Port TSTRB[0] in module axis_infrastructure_v1_1_1_util_axis2vector is either unconnected or has no load
WARNING: [Synth 8-7129] Port TKEEP[11] in module axis_infrastructure_v1_1_1_util_axis2vector is either unconnected or has no load
WARNING: [Synth 8-7129] Port TKEEP[10] in module axis_infrastructure_v1_1_1_util_axis2vector is either unconnected or has no load
WARNING: [Synth 8-7129] Port TKEEP[9] in module axis_infrastructure_v1_1_1_util_axis2vector is either unconnected or has no load
WARNING: [Synth 8-7129] Port TKEEP[8] in module axis_infrastructure_v1_1_1_util_axis2vector is either unconnected or has no load
WARNING: [Synth 8-7129] Port TKEEP[7] in module axis_infrastructure_v1_1_1_util_axis2vector is either unconnected or has no load
WARNING: [Synth 8-7129] Port TKEEP[6] in module axis_infrastructure_v1_1_1_util_axis2vector is either unconnected or has no load
WARNING: [Synth 8-7129] Port TKEEP[5] in module axis_infrastructure_v1_1_1_util_axis2vector is either unconnected or has no load
WARNING: [Synth 8-7129] Port TKEEP[4] in module axis_infrastructure_v1_1_1_util_axis2vector is either unconnected or has no load
WARNING: [Synth 8-7129] Port TKEEP[3] in module axis_infrastructure_v1_1_1_util_axis2vector is either unconnected or has no load
WARNING: [Synth 8-7129] Port TKEEP[2] in module axis_infrastructure_v1_1_1_util_axis2vector is either unconnected or has no load
WARNING: [Synth 8-7129] Port TKEEP[1] in module axis_infrastructure_v1_1_1_util_axis2vector is either unconnected or has no load
WARNING: [Synth 8-7129] Port TKEEP[0] in module axis_infrastructure_v1_1_1_util_axis2vector is either unconnected or has no load
WARNING: [Synth 8-7129] Port TLAST in module axis_infrastructure_v1_1_1_util_axis2vector is either unconnected or has no load
WARNING: [Synth 8-7129] Port TID[0] in module axis_infrastructure_v1_1_1_util_axis2vector is either unconnected or has no load
WARNING: [Synth 8-7129] Port TDEST[0] in module axis_infrastructure_v1_1_1_util_axis2vector is either unconnected or has no load
WARNING: [Synth 8-7129] Port TUSER[11] in module axis_infrastructure_v1_1_1_util_axis2vector is either unconnected or has no load
WARNING: [Synth 8-7129] Port TUSER[10] in module axis_infrastructure_v1_1_1_util_axis2vector is either unconnected or has no load
WARNING: [Synth 8-7129] Port TUSER[9] in module axis_infrastructure_v1_1_1_util_axis2vector is either unconnected or has no load
WARNING: [Synth 8-7129] Port TUSER[8] in module axis_infrastructure_v1_1_1_util_axis2vector is either unconnected or has no load
WARNING: [Synth 8-7129] Port TUSER[7] in module axis_infrastructure_v1_1_1_util_axis2vector is either unconnected or has no load
WARNING: [Synth 8-7129] Port TUSER[6] in module axis_infrastructure_v1_1_1_util_axis2vector is either unconnected or has no load
WARNING: [Synth 8-7129] Port TUSER[5] in module axis_infrastructure_v1_1_1_util_axis2vector is either unconnected or has no load
WARNING: [Synth 8-7129] Port TUSER[4] in module axis_infrastructure_v1_1_1_util_axis2vector is either unconnected or has no load
WARNING: [Synth 8-7129] Port TUSER[3] in module axis_infrastructure_v1_1_1_util_axis2vector is either unconnected or has no load
WARNING: [Synth 8-7129] Port TUSER[2] in module axis_infrastructure_v1_1_1_util_axis2vector is either unconnected or has no load
WARNING: [Synth 8-7129] Port TUSER[1] in module axis_infrastructure_v1_1_1_util_axis2vector is either unconnected or has no load
WARNING: [Synth 8-7129] Port TUSER[0] in module axis_infrastructure_v1_1_1_util_axis2vector is either unconnected or has no load
WARNING: [Synth 8-7129] Port s_axis_tkeep[11] in module axis_dwidth_converter_v1_1_32_axis_dwidth_converter is either unconnected or has no load
WARNING: [Synth 8-7129] Port s_axis_tkeep[10] in module axis_dwidth_converter_v1_1_32_axis_dwidth_converter is either unconnected or has no load
WARNING: [Synth 8-7129] Port s_axis_tkeep[9] in module axis_dwidth_converter_v1_1_32_axis_dwidth_converter is either unconnected or has no load
WARNING: [Synth 8-7129] Port s_axis_tkeep[8] in module axis_dwidth_converter_v1_1_32_axis_dwidth_converter is either unconnected or has no load
WARNING: [Synth 8-7129] Port s_axis_tkeep[7] in module axis_dwidth_converter_v1_1_32_axis_dwidth_converter is either unconnected or has no load
WARNING: [Synth 8-7129] Port s_axis_tkeep[6] in module axis_dwidth_converter_v1_1_32_axis_dwidth_converter is either unconnected or has no load
WARNING: [Synth 8-7129] Port s_axis_tkeep[5] in module axis_dwidth_converter_v1_1_32_axis_dwidth_converter is either unconnected or has no load
WARNING: [Synth 8-7129] Port s_axis_tkeep[4] in module axis_dwidth_converter_v1_1_32_axis_dwidth_converter is either unconnected or has no load
WARNING: [Synth 8-7129] Port s_axis_tkeep[3] in module axis_dwidth_converter_v1_1_32_axis_dwidth_converter is either unconnected or has no load
WARNING: [Synth 8-7129] Port s_axis_tkeep[2] in module axis_dwidth_converter_v1_1_32_axis_dwidth_converter is either unconnected or has no load
WARNING: [Synth 8-7129] Port s_axis_tkeep[1] in module axis_dwidth_converter_v1_1_32_axis_dwidth_converter is either unconnected or has no load
WARNING: [Synth 8-7129] Port s_axis_tkeep[0] in module axis_dwidth_converter_v1_1_32_axis_dwidth_converter is either unconnected or has no load
WARNING: [Synth 8-7129] Port s_axis_tuser[0] in module axis_dwidth_converter_v1_1_32_axis_dwidth_converter is either unconnected or has no load
---------------------------------------------------------------------------------
Finished RTL Elaboration : Time (s): cpu = 00:00:07 ; elapsed = 00:00:07 . Memory (MB): peak = 1448.766 ; gain = 584.633
---------------------------------------------------------------------------------
---------------------------------------------------------------------------------
Start Handling Custom Attributes
---------------------------------------------------------------------------------
---------------------------------------------------------------------------------
Finished Handling Custom Attributes : Time (s): cpu = 00:00:07 ; elapsed = 00:00:07 . Memory (MB): peak = 1448.766 ; gain = 584.633
---------------------------------------------------------------------------------
---------------------------------------------------------------------------------
Finished RTL Optimization Phase 1 : Time (s): cpu = 00:00:07 ; elapsed = 00:00:07 . Memory (MB): peak = 1448.766 ; gain = 584.633
---------------------------------------------------------------------------------
Netlist sorting complete. Time (s): cpu = 00:00:00 ; elapsed = 00:00:00.017 . Memory (MB): peak = 1448.766 ; gain = 0.000
INFO: [Project 1-570] Preparing netlist for logic optimization

Processing XDC Constraints
Initializing timing engine
Parsing XDC File [c:/Users/ruuud/spring2025/cse145/WORKINGPROJECTIDEA/ECE1373_2016_hft_on_fpga/src/hft_proj/hft_proj.gen/sources_1/bd/design_1/ip/design_1_meta_converter_0/design_1_meta_converter_0_ooc.xdc] for cell 'inst'
Finished Parsing XDC File [c:/Users/ruuud/spring2025/cse145/WORKINGPROJECTIDEA/ECE1373_2016_hft_on_fpga/src/hft_proj/hft_proj.gen/sources_1/bd/design_1/ip/design_1_meta_converter_0/design_1_meta_converter_0_ooc.xdc] for cell 'inst'
Parsing XDC File [C:/Users/ruuud/spring2025/cse145/WORKINGPROJECTIDEA/ECE1373_2016_hft_on_fpga/src/hft_proj/hft_proj.runs/design_1_meta_converter_0_synth_1/dont_touch.xdc]
Finished Parsing XDC File [C:/Users/ruuud/spring2025/cse145/WORKINGPROJECTIDEA/ECE1373_2016_hft_on_fpga/src/hft_proj/hft_proj.runs/design_1_meta_converter_0_synth_1/dont_touch.xdc]
Completed Processing XDC Constraints

Netlist sorting complete. Time (s): cpu = 00:00:00 ; elapsed = 00:00:00.001 . Memory (MB): peak = 1534.824 ; gain = 0.000
INFO: [Project 1-111] Unisim Transformation Summary:
No Unisim elements were transformed.

Constraint Validation Runtime : Time (s): cpu = 00:00:00 ; elapsed = 00:00:00.043 . Memory (MB): peak = 1534.824 ; gain = 0.000
INFO: [Designutils 20-5008] Incremental synthesis strategy off
---------------------------------------------------------------------------------
Finished Constraint Validation : Time (s): cpu = 00:00:16 ; elapsed = 00:00:16 . Memory (MB): peak = 1534.824 ; gain = 670.691
---------------------------------------------------------------------------------
---------------------------------------------------------------------------------
Start Loading Part and Timing Information
---------------------------------------------------------------------------------
Loading part: xc7z020clg400-1
---------------------------------------------------------------------------------
Finished Loading Part and Timing Information : Time (s): cpu = 00:00:16 ; elapsed = 00:00:16 . Memory (MB): peak = 1534.824 ; gain = 670.691
---------------------------------------------------------------------------------
---------------------------------------------------------------------------------
Start Applying 'set_property' XDC Constraints
---------------------------------------------------------------------------------
Applied set_property KEEP_HIERARCHY = SOFT for inst. (constraint file  C:/Users/ruuud/spring2025/cse145/WORKINGPROJECTIDEA/ECE1373_2016_hft_on_fpga/src/hft_proj/hft_proj.runs/design_1_meta_converter_0_synth_1/dont_touch.xdc, line 9).
---------------------------------------------------------------------------------
Finished applying 'set_property' XDC Constraints : Time (s): cpu = 00:00:16 ; elapsed = 00:00:16 . Memory (MB): peak = 1534.824 ; gain = 670.691
---------------------------------------------------------------------------------
INFO: [Synth 8-4490] FSM extraction disabled for register 'state_reg' through user attribute
INFO: [Synth 8-4490] FSM extraction disabled for register 'state_reg' through user attribute
INFO: [Synth 8-4490] FSM extraction disabled for register 'state_reg' through user attribute
INFO: [Synth 8-4490] FSM extraction disabled for register 'state_reg' through user attribute
---------------------------------------------------------------------------------
Finished RTL Optimization Phase 2 : Time (s): cpu = 00:00:16 ; elapsed = 00:00:17 . Memory (MB): peak = 1534.824 ; gain = 670.691
---------------------------------------------------------------------------------
---------------------------------------------------------------------------------
Start RTL Component Statistics 
---------------------------------------------------------------------------------
Detailed RTL Component Info : 
+---Adders : 
	   2 Input    2 Bit       Adders := 1     
+---Registers : 
	              192 Bit    Registers := 1     
	               96 Bit    Registers := 3     
	               64 Bit    Registers := 1     
	               24 Bit    Registers := 3     
	               12 Bit    Registers := 9     
	                8 Bit    Registers := 3     
	                3 Bit    Registers := 2     
	                2 Bit    Registers := 3     
	                1 Bit    Registers := 15    
+---Muxes : 
	   3 Input    3 Bit        Muxes := 1     
	   2 Input    3 Bit        Muxes := 6     
	   4 Input    3 Bit        Muxes := 1     
	   2 Input    2 Bit        Muxes := 9     
	   3 Input    2 Bit        Muxes := 1     
	   2 Input    1 Bit        Muxes := 8     
---------------------------------------------------------------------------------
Finished RTL Component Statistics 
---------------------------------------------------------------------------------
---------------------------------------------------------------------------------
Start Part Resource Summary
---------------------------------------------------------------------------------
Part Resources:
DSPs: 220 (col length:60)
BRAMs: 280 (col length: RAMB18 60 RAMB36 30)
---------------------------------------------------------------------------------
Finished Part Resource Summary
---------------------------------------------------------------------------------
---------------------------------------------------------------------------------
Start Cross Boundary and Area Optimization
---------------------------------------------------------------------------------
WARNING: [Synth 8-7080] Parallel synthesis criteria is not met
WARNING: [Synth 8-7129] Port s_axis_tstrb[11] in module axis_dwidth_converter_v1_1_32_axis_dwidth_converter is either unconnected or has no load
WARNING: [Synth 8-7129] Port s_axis_tstrb[10] in module axis_dwidth_converter_v1_1_32_axis_dwidth_converter is either unconnected or has no load
WARNING: [Synth 8-7129] Port s_axis_tstrb[9] in module axis_dwidth_converter_v1_1_32_axis_dwidth_converter is either unconnected or has no load
WARNING: [Synth 8-7129] Port s_axis_tstrb[8] in module axis_dwidth_converter_v1_1_32_axis_dwidth_converter is either unconnected or has no load
WARNING: [Synth 8-7129] Port s_axis_tstrb[7] in module axis_dwidth_converter_v1_1_32_axis_dwidth_converter is either unconnected or has no load
WARNING: [Synth 8-7129] Port s_axis_tstrb[6] in module axis_dwidth_converter_v1_1_32_axis_dwidth_converter is either unconnected or has no load
WARNING: [Synth 8-7129] Port s_axis_tstrb[5] in module axis_dwidth_converter_v1_1_32_axis_dwidth_converter is either unconnected or has no load
WARNING: [Synth 8-7129] Port s_axis_tstrb[4] in module axis_dwidth_converter_v1_1_32_axis_dwidth_converter is either unconnected or has no load
WARNING: [Synth 8-7129] Port s_axis_tstrb[3] in module axis_dwidth_converter_v1_1_32_axis_dwidth_converter is either unconnected or has no load
WARNING: [Synth 8-7129] Port s_axis_tstrb[2] in module axis_dwidth_converter_v1_1_32_axis_dwidth_converter is either unconnected or has no load
WARNING: [Synth 8-7129] Port s_axis_tstrb[1] in module axis_dwidth_converter_v1_1_32_axis_dwidth_converter is either unconnected or has no load
WARNING: [Synth 8-7129] Port s_axis_tstrb[0] in module axis_dwidth_converter_v1_1_32_axis_dwidth_converter is either unconnected or has no load
WARNING: [Synth 8-7129] Port s_axis_tkeep[11] in module axis_dwidth_converter_v1_1_32_axis_dwidth_converter is either unconnected or has no load
INFO: [Common 17-14] Message 'Synth 8-7129' appears 100 times and further instances of the messages will be disabled. Use the Tcl command set_msg_config to change the current settings.
---------------------------------------------------------------------------------
Finished Cross Boundary and Area Optimization : Time (s): cpu = 00:00:18 ; elapsed = 00:00:19 . Memory (MB): peak = 1534.824 ; gain = 670.691
---------------------------------------------------------------------------------
---------------------------------------------------------------------------------
Start Applying XDC Timing Constraints
---------------------------------------------------------------------------------
---------------------------------------------------------------------------------
Finished Applying XDC Timing Constraints : Time (s): cpu = 00:00:23 ; elapsed = 00:00:24 . Memory (MB): peak = 1635.461 ; gain = 771.328
---------------------------------------------------------------------------------
---------------------------------------------------------------------------------
Start Timing Optimization
---------------------------------------------------------------------------------
---------------------------------------------------------------------------------
Finished Timing Optimization : Time (s): cpu = 00:00:24 ; elapsed = 00:00:25 . Memory (MB): peak = 1673.031 ; gain = 808.898
---------------------------------------------------------------------------------
---------------------------------------------------------------------------------
Start Technology Mapping
---------------------------------------------------------------------------------
---------------------------------------------------------------------------------
Finished Technology Mapping : Time (s): cpu = 00:00:24 ; elapsed = 00:00:25 . Memory (MB): peak = 1673.031 ; gain = 808.898
---------------------------------------------------------------------------------
---------------------------------------------------------------------------------
Start IO Insertion
---------------------------------------------------------------------------------
---------------------------------------------------------------------------------
Start Flattening Before IO Insertion
---------------------------------------------------------------------------------
---------------------------------------------------------------------------------
Finished Flattening Before IO Insertion
---------------------------------------------------------------------------------
---------------------------------------------------------------------------------
Start Final Netlist Cleanup
---------------------------------------------------------------------------------
---------------------------------------------------------------------------------
Finished Final Netlist Cleanup
---------------------------------------------------------------------------------
---------------------------------------------------------------------------------
Finished IO Insertion : Time (s): cpu = 00:00:27 ; elapsed = 00:00:29 . Memory (MB): peak = 1868.254 ; gain = 1004.121
---------------------------------------------------------------------------------
---------------------------------------------------------------------------------
Start Renaming Generated Instances
---------------------------------------------------------------------------------
---------------------------------------------------------------------------------
Finished Renaming Generated Instances : Time (s): cpu = 00:00:27 ; elapsed = 00:00:29 . Memory (MB): peak = 1868.254 ; gain = 1004.121
---------------------------------------------------------------------------------
---------------------------------------------------------------------------------
Start Rebuilding User Hierarchy
---------------------------------------------------------------------------------
---------------------------------------------------------------------------------
Finished Rebuilding User Hierarchy : Time (s): cpu = 00:00:27 ; elapsed = 00:00:29 . Memory (MB): peak = 1868.254 ; gain = 1004.121
---------------------------------------------------------------------------------
---------------------------------------------------------------------------------
Start Renaming Generated Ports
---------------------------------------------------------------------------------
---------------------------------------------------------------------------------
Finished Renaming Generated Ports : Time (s): cpu = 00:00:27 ; elapsed = 00:00:29 . Memory (MB): peak = 1868.254 ; gain = 1004.121
---------------------------------------------------------------------------------
---------------------------------------------------------------------------------
Start Handling Custom Attributes
---------------------------------------------------------------------------------
---------------------------------------------------------------------------------
Finished Handling Custom Attributes : Time (s): cpu = 00:00:27 ; elapsed = 00:00:29 . Memory (MB): peak = 1868.254 ; gain = 1004.121
---------------------------------------------------------------------------------
---------------------------------------------------------------------------------
Start Renaming Generated Nets
---------------------------------------------------------------------------------
---------------------------------------------------------------------------------
Finished Renaming Generated Nets : Time (s): cpu = 00:00:27 ; elapsed = 00:00:29 . Memory (MB): peak = 1868.254 ; gain = 1004.121
---------------------------------------------------------------------------------
---------------------------------------------------------------------------------
Start Writing Synthesis Report
---------------------------------------------------------------------------------

Report BlackBoxes: 
+-+--------------+----------+
| |BlackBox name |Instances |
+-+--------------+----------+
+-+--------------+----------+

Report Cell Usage: 
+------+-----+------+
|      |Cell |Count |
+------+-----+------+
|1     |LUT1 |     1|
|2     |LUT2 |     2|
|3     |LUT3 |     3|
|4     |LUT4 |     2|
|5     |LUT5 |   132|
|6     |LUT6 |     9|
|7     |FDRE |   557|
+------+-----+------+
---------------------------------------------------------------------------------
Finished Writing Synthesis Report : Time (s): cpu = 00:00:27 ; elapsed = 00:00:29 . Memory (MB): peak = 1868.254 ; gain = 1004.121
---------------------------------------------------------------------------------
Synthesis finished with 0 errors, 0 critical warnings and 29 warnings.
Synthesis Optimization Runtime : Time (s): cpu = 00:00:19 ; elapsed = 00:00:26 . Memory (MB): peak = 1868.254 ; gain = 918.062
Synthesis Optimization Complete : Time (s): cpu = 00:00:28 ; elapsed = 00:00:29 . Memory (MB): peak = 1868.254 ; gain = 1004.121
INFO: [Project 1-571] Translating synthesized netlist
Netlist sorting complete. Time (s): cpu = 00:00:00 ; elapsed = 00:00:00.006 . Memory (MB): peak = 1868.254 ; gain = 0.000
INFO: [Project 1-570] Preparing netlist for logic optimization
INFO: [Opt 31-138] Pushed 0 inverter(s) to 0 load pin(s).
Netlist sorting complete. Time (s): cpu = 00:00:00 ; elapsed = 00:00:00 . Memory (MB): peak = 1868.254 ; gain = 0.000
INFO: [Project 1-111] Unisim Transformation Summary:
No Unisim elements were transformed.

Synth Design complete | Checksum: 875f96
INFO: [Common 17-83] Releasing license: Synthesis
52 Infos, 103 Warnings, 0 Critical Warnings and 0 Errors encountered.
synth_design completed successfully
synth_design: Time (s): cpu = 00:00:31 ; elapsed = 00:00:33 . Memory (MB): peak = 1868.254 ; gain = 1228.398
Write ShapeDB Complete: Time (s): cpu = 00:00:00 ; elapsed = 00:00:00.001 . Memory (MB): peak = 1868.254 ; gain = 0.000
INFO: [Common 17-1381] The checkpoint 'C:/Users/ruuud/spring2025/cse145/WORKINGPROJECTIDEA/ECE1373_2016_hft_on_fpga/src/hft_proj/hft_proj.runs/design_1_meta_converter_0_synth_1/design_1_meta_converter_0.dcp' has been generated.
INFO: [Coretcl 2-1648] Added synthesis output to IP cache for IP design_1_meta_converter_0, cache-ID = e790106dd34834eb
INFO: [Coretcl 2-1174] Renamed 3 cell refs.
Write ShapeDB Complete: Time (s): cpu = 00:00:00 ; elapsed = 00:00:00.001 . Memory (MB): peak = 1868.254 ; gain = 0.000
INFO: [Common 17-1381] The checkpoint 'C:/Users/ruuud/spring2025/cse145/WORKINGPROJECTIDEA/ECE1373_2016_hft_on_fpga/src/hft_proj/hft_proj.runs/design_1_meta_converter_0_synth_1/design_1_meta_converter_0.dcp' has been generated.
INFO: [Vivado 12-24828] Executing command : report_utilization -file design_1_meta_converter_0_utilization_synth.rpt -pb design_1_meta_converter_0_utilization_synth.pb
INFO: [Common 17-206] Exiting Vivado at Sun Jun  1 15:34:59 2025...
