

================================================================
== Vitis HLS Report for 'txPath'
================================================================
* Date:           Mon Jun  9 20:34:00 2025

* Version:        2024.2 (Build 5238294 on Nov  8 2024)
* Project:        fast_hls
* Solution:       solution1 (Vivado IP Flow Target)
* Product family: zynq
* Target device:  xc7z020-clg484-1


================================================================
== Performance Estimates
================================================================
+ Timing: 
    * Summary: 
    +--------+----------+----------+------------+
    |  Clock |  Target  | Estimated| Uncertainty|
    +--------+----------+----------+------------+
    |ap_clk  |  10.00 ns|  8.718 ns|     2.70 ns|
    +--------+----------+----------+------------+

+ Latency: 
    * Summary: 
    +---------+---------+-----------+-----------+-----+-----+----------+
    |  Latency (cycles) |   Latency (absolute)  |  Interval | Pipeline |
    |   min   |   max   |    min    |    max    | min | max |   Type   |
    +---------+---------+-----------+-----------+-----+-----+----------+
    |        5|        5|  50.000 ns|  50.000 ns|    4|    4|  yes(flp)|
    +---------+---------+-----------+-----------+-----+-----+----------+

    + Detail: 
        * Instance: 
        N/A

        * Loop: 
        N/A



================================================================
== Utilization Estimates
================================================================
* Summary: 
+-----------------+---------+-----+--------+-------+-----+
|       Name      | BRAM_18K| DSP |   FF   |  LUT  | URAM|
+-----------------+---------+-----+--------+-------+-----+
|DSP              |        -|    -|       -|      -|    -|
|Expression       |        -|    -|       0|    492|    -|
|FIFO             |        -|    -|       -|      -|    -|
|Instance         |        -|    -|       0|    184|    -|
|Memory           |        -|    -|       -|      -|    -|
|Multiplexer      |        -|    -|       0|    154|    -|
|Register         |        -|    -|     247|      -|    -|
+-----------------+---------+-----+--------+-------+-----+
|Total            |        0|    0|     247|    830|    0|
+-----------------+---------+-----+--------+-------+-----+
|Available        |      280|  220|  106400|  53200|    0|
+-----------------+---------+-----+--------+-------+-----+
|Utilization (%)  |        0|    0|      ~0|      1|    0|
+-----------------+---------+-----+--------+-------+-----+

+ Detail: 
    * Instance: 
    +----------------------------+------------------------+---------+----+---+----+-----+
    |          Instance          |         Module         | BRAM_18K| DSP| FF| LUT| URAM|
    +----------------------------+------------------------+---------+----+---+----+-----+
    |sparsemux_11_32_8_1_1_U54   |sparsemux_11_32_8_1_1   |        0|   0|  0|  25|    0|
    |sparsemux_11_32_8_1_1_U55   |sparsemux_11_32_8_1_1   |        0|   0|  0|  25|    0|
    |sparsemux_11_32_8_1_1_U56   |sparsemux_11_32_8_1_1   |        0|   0|  0|  25|    0|
    |sparsemux_11_32_8_1_1_U57   |sparsemux_11_32_8_1_1   |        0|   0|  0|  25|    0|
    |sparsemux_11_32_8_1_1_U58   |sparsemux_11_32_8_1_1   |        0|   0|  0|  25|    0|
    |sparsemux_11_4_4_1_1_x_U52  |sparsemux_11_4_4_1_1_x  |        0|   0|  0|  20|    0|
    |sparsemux_13_5_4_1_1_U53    |sparsemux_13_5_4_1_1    |        0|   0|  0|  25|    0|
    |sparsemux_9_3_4_1_1_U51     |sparsemux_9_3_4_1_1     |        0|   0|  0|  14|    0|
    +----------------------------+------------------------+---------+----+---+----+-----+
    |Total                       |                        |        0|   0|  0| 184|    0|
    +----------------------------+------------------------+---------+----+---+----+-----+

    * DSP: 
    N/A

    * Memory: 
    N/A

    * FIFO: 
    N/A

    * Expression: 
    +----------------------------------+----------+----+---+----+------------+------------+
    |           Variable Name          | Operation| DSP| FF| LUT| Bitwidth P0| Bitwidth P1|
    +----------------------------------+----------+----+---+----+------------+------------+
    |add_ln490_fu_563_p2               |         +|   0|  0|  23|          16|           4|
    |and_ln415_fu_584_p2               |       and|   0|  0|   2|           1|           1|
    |and_ln417_1_fu_593_p2             |       and|   0|  0|   2|           1|           1|
    |and_ln417_2_fu_647_p2             |       and|   0|  0|   2|           1|           1|
    |and_ln417_3_fu_671_p2             |       and|   0|  0|   2|           1|           1|
    |and_ln417_4_fu_677_p2             |       and|   0|  0|   2|           1|           1|
    |and_ln417_5_fu_872_p2             |       and|   0|  0|   2|           1|           1|
    |and_ln417_6_fu_889_p2             |       and|   0|  0|   2|           1|           1|
    |and_ln417_7_fu_948_p2             |       and|   0|  0|   2|           1|           1|
    |and_ln417_8_fu_960_p2             |       and|   0|  0|   2|           1|           1|
    |and_ln417_fu_589_p2               |       and|   0|  0|   2|           1|           1|
    |ap_condition_355                  |       and|   0|  0|   2|           1|           1|
    |ap_predicate_op107_write_state6   |       and|   0|  0|   2|           1|           1|
    |ap_predicate_op110_write_state6   |       and|   0|  0|   2|           1|           1|
    |ap_predicate_op114_write_state6   |       and|   0|  0|   2|           1|           1|
    |ap_predicate_op44_read_state4     |       and|   0|  0|   2|           1|           1|
    |tmp_3_nbreadreq_fu_218_p3         |       and|   0|  0|   2|           1|           0|
    |tmp_5_nbreadreq_fu_226_p3         |       and|   0|  0|   2|           1|           0|
    |tmp_nbreadreq_fu_210_p3           |       and|   0|  0|   2|           1|           0|
    |icmp_ln415_1_fu_443_p2            |      icmp|   0|  0|  14|           7|           1|
    |icmp_ln415_2_fu_631_p2            |      icmp|   0|  0|  14|           7|           1|
    |icmp_ln415_3_fu_723_p2            |      icmp|   0|  0|  14|           7|           1|
    |icmp_ln415_fu_405_p2              |      icmp|   0|  0|  13|           4|           1|
    |icmp_ln417_1_fu_461_p2            |      icmp|   0|  0|  11|           3|           3|
    |icmp_ln417_2_fu_641_p2            |      icmp|   0|  0|  13|           4|           5|
    |icmp_ln417_3_fu_653_p2            |      icmp|   0|  0|  13|           4|           3|
    |icmp_ln417_4_fu_659_p2            |      icmp|   0|  0|  13|           4|           3|
    |icmp_ln417_5_fu_867_p2            |      icmp|   0|  0|  13|           4|           5|
    |icmp_ln417_6_fu_884_p2            |      icmp|   0|  0|  13|           4|           4|
    |icmp_ln417_7_fu_901_p2            |      icmp|   0|  0|  13|           4|           3|
    |icmp_ln417_8_fu_906_p2            |      icmp|   0|  0|  13|           4|           3|
    |icmp_ln417_fu_455_p2              |      icmp|   0|  0|  11|           3|           2|
    |icmp_ln425_1_fu_1209_p2           |      icmp|   0|  0|  13|           4|           3|
    |icmp_ln425_2_fu_1215_p2           |      icmp|   0|  0|  13|           4|           5|
    |icmp_ln425_3_fu_1221_p2           |      icmp|   0|  0|  13|           4|           4|
    |icmp_ln425_4_fu_1227_p2           |      icmp|   0|  0|  13|           4|           3|
    |icmp_ln425_fu_1195_p2             |      icmp|   0|  0|  13|           4|           4|
    |ap_block_state1_pp0_stage0_iter0  |        or|   0|  0|   2|           1|           1|
    |ap_block_state4_pp0_stage3_iter0  |        or|   0|  0|   2|           1|           1|
    |ap_block_state5_pp0_stage0_iter1  |        or|   0|  0|   2|           1|           1|
    |ap_block_state6_pp0_stage1_iter1  |        or|   0|  0|   2|           1|           1|
    |or_ln415_fu_728_p2                |        or|   0|  0|   2|           1|           1|
    |or_ln417_1_fu_796_p2              |        or|   0|  0|   2|           1|           1|
    |or_ln417_2_fu_830_p2              |        or|   0|  0|   2|           1|           1|
    |or_ln417_3_fu_834_p2              |        or|   0|  0|   2|           1|           1|
    |or_ln417_4_fu_838_p2              |        or|   0|  0|   2|           1|           1|
    |or_ln417_5_fu_916_p2              |        or|   0|  0|   2|           1|           1|
    |or_ln417_6_fu_922_p2              |        or|   0|  0|   2|           1|           1|
    |or_ln417_7_fu_928_p2              |        or|   0|  0|   2|           1|           1|
    |or_ln417_8_fu_934_p2              |        or|   0|  0|   2|           1|           1|
    |or_ln417_fu_792_p2                |        or|   0|  0|   2|           1|           1|
    |or_ln425_1_fu_1239_p2             |        or|   0|  0|   2|           1|           1|
    |or_ln425_2_fu_1245_p2             |        or|   0|  0|   2|           1|           1|
    |or_ln425_3_fu_1251_p2             |        or|   0|  0|   2|           1|           1|
    |or_ln425_fu_1233_p2               |        or|   0|  0|   2|           1|           1|
    |triggered_1_fu_449_p2             |        or|   0|  0|   2|           1|           1|
    |triggered_2_fu_636_p2             |        or|   0|  0|   2|           1|           1|
    |empty_16_fu_778_p3                |    select|   0|  0|   4|           1|           1|
    |empty_17_fu_801_p3                |    select|   0|  0|   8|           1|           8|
    |empty_18_fu_809_p3                |    select|   0|  0|   7|           1|           7|
    |empty_19_fu_815_p3                |    select|   0|  0|   7|           1|           7|
    |empty_20_fu_824_p3                |    select|   0|  0|   7|           1|           7|
    |empty_21_fu_844_p3                |    select|   0|  0|   8|           1|           8|
    |empty_22_fu_852_p3                |    select|   0|  0|   7|           1|           7|
    |empty_23_fu_858_p3                |    select|   0|  0|   7|           1|           7|
    |empty_24_fu_877_p3                |    select|   0|  0|   7|           1|           7|
    |empty_25_fu_894_p3                |    select|   0|  0|   7|           1|           7|
    |empty_26_fu_940_p3                |    select|   0|  0|   8|           1|           8|
    |empty_27_fu_953_p3                |    select|   0|  0|   7|           1|           7|
    |empty_28_fu_965_p3                |    select|   0|  0|   7|           1|           7|
    |empty_29_fu_1201_p3               |    select|   0|  0|   8|           1|           8|
    |empty_30_fu_1257_p3               |    select|   0|  0|   8|           1|           8|
    |empty_fu_771_p3                   |    select|   0|  0|   8|           1|           8|
    |message_offset_1_fu_419_p3        |    select|   0|  0|   3|           1|           3|
    |message_offset_fu_387_p3          |    select|   0|  0|   3|           1|           3|
    |select_ln400_1_fu_748_p3          |    select|   0|  0|   8|           1|           8|
    |select_ln400_fu_741_p3            |    select|   0|  0|   8|           1|           1|
    |select_ln417_1_fu_765_p3          |    select|   0|  0|   4|           1|           4|
    |select_ln417_2_fu_411_p3          |    select|   0|  0|   3|           1|           2|
    |select_ln417_fu_758_p3            |    select|   0|  0|   8|           1|           8|
    |triggered_fu_427_p2               |       xor|   0|  0|   2|           1|           2|
    |xor_ln415_1_fu_665_p2             |       xor|   0|  0|   2|           1|           2|
    |xor_ln415_2_fu_911_p2             |       xor|   0|  0|   2|           1|           2|
    |xor_ln415_fu_579_p2               |       xor|   0|  0|   2|           1|           2|
    +----------------------------------+----------+----+---+----+------------+------------+
    |Total                             |          |   0|  0| 492|         160|         242|
    +----------------------------------+----------+----+---+----+------------+------------+

    * Multiplexer: 
    +--------------------------------+----+-----------+-----+-----------+
    |              Name              | LUT| Input Size| Bits| Total Bits|
    +--------------------------------+----+-----------+-----+-----------+
    |ap_NS_iter0_fsm                 |  25|          5|    4|         20|
    |ap_NS_iter1_fsm                 |  20|          4|    3|         12|
    |ap_done                         |   9|          2|    1|          2|
    |lbPacketLength                  |   9|          2|   16|         32|
    |lbTxDataOut_TDATA_blk_n         |   9|          2|    1|          2|
    |lbTxDataOut_TDATA_int_regslice  |  14|          3|  128|        384|
    |lbTxLengthOut_TDATA_blk_n       |   9|          2|    1|          2|
    |lbTxMetadataOut_TDATA_blk_n     |   9|          2|    1|          2|
    |metadata_from_book_TDATA_blk_n  |   9|          2|    1|          2|
    |next_state                      |  14|          3|    2|          6|
    |order_from_book_TDATA_blk_n     |   9|          2|    1|          2|
    |tagsOut_TDATA_blk_n             |   9|          2|    1|          2|
    |time_from_book_TDATA_blk_n      |   9|          2|    1|          2|
    +--------------------------------+----+-----------+-----+-----------+
    |Total                           | 154|         33|  161|        470|
    +--------------------------------+----+-----------+-----+-----------+

    * Register: 
    +----------------------------------------+----+----+-----+-----------+
    |                  Name                  | FF | LUT| Bits| Const Bits|
    +----------------------------------------+----+----+-----+-----------+
    |and_ln415_reg_1459                      |   1|   0|    1|          0|
    |and_ln417_1_reg_1469                    |   1|   0|    1|          0|
    |and_ln417_2_reg_1479                    |   1|   0|    1|          0|
    |and_ln417_3_reg_1499                    |   1|   0|    1|          0|
    |and_ln417_4_reg_1504                    |   1|   0|    1|          0|
    |and_ln417_reg_1464                      |   1|   0|    1|          0|
    |ap_CS_iter0_fsm                         |   4|   0|    4|          0|
    |ap_CS_iter1_fsm                         |   3|   0|    3|          0|
    |ap_done_reg                             |   1|   0|    1|          0|
    |ap_predicate_pred145_state6             |   1|   0|    1|          0|
    |curr_byte_1_reg_1366                    |   4|   0|    4|          0|
    |curr_byte_2_reg_1384                    |   7|   0|    7|          0|
    |curr_byte_3_reg_1415                    |   7|   0|    7|          0|
    |encoded_message_6_reg_1424              |   7|   0|    7|          0|
    |first_packet_data                       |  43|   0|   64|         21|
    |icmp_ln415_1_reg_1391                   |   1|   0|    1|          0|
    |icmp_ln415_reg_1372                     |   1|   0|    1|          0|
    |icmp_ln417_1_reg_1409                   |   1|   0|    1|          0|
    |icmp_ln417_2_reg_1474                   |   1|   0|    1|          0|
    |icmp_ln417_3_reg_1484                   |   1|   0|    1|          0|
    |icmp_ln417_4_reg_1489                   |   1|   0|    1|          0|
    |icmp_ln417_reg_1403                     |   1|   0|    1|          0|
    |lbPacketLength                          |  16|   0|   16|          0|
    |message_offset_1_reg_1379               |   2|   0|    3|          1|
    |message_offset_3_reg_1509               |   4|   0|    4|          0|
    |next_state                              |   2|   0|    2|          0|
    |next_state_load_reg_1303                |   2|   0|    2|          0|
    |next_state_load_reg_1303_pp0_iter0_reg  |   2|   0|    2|          0|
    |or_ln415_reg_1518                       |   1|   0|    1|          0|
    |second_packet_data                      |  28|   0|   32|          4|
    |time_from_book_read_reg_1343            |  64|   0|   64|          0|
    |tmp_10_reg_1353                         |   1|   0|    1|          0|
    |tmp_16_reg_1361                         |   7|   0|    7|          0|
    |tmp_17_reg_1434                         |   7|   0|    7|          0|
    |tmp_18_reg_1439                         |   3|   0|    3|          0|
    |tmp_1_reg_1323                          |   1|   0|    1|          0|
    |tmp_1_reg_1323_pp0_iter0_reg            |   1|   0|    1|          0|
    |tmp_2_reg_1327                          |   1|   0|    1|          0|
    |tmp_2_reg_1327_pp0_iter0_reg            |   1|   0|    1|          0|
    |tmp_3_reg_1311                          |   1|   0|    1|          0|
    |tmp_3_reg_1311_pp0_iter0_reg            |   1|   0|    1|          0|
    |tmp_4_reg_1335                          |   1|   0|    1|          0|
    |tmp_5_reg_1315                          |   1|   0|    1|          0|
    |tmp_5_reg_1315_pp0_iter0_reg            |   1|   0|    1|          0|
    |tmp_6_reg_1319                          |   1|   0|    1|          0|
    |tmp_6_reg_1319_pp0_iter0_reg            |   1|   0|    1|          0|
    |tmp_7_reg_1331                          |   1|   0|    1|          0|
    |tmp_7_reg_1331_pp0_iter0_reg            |   1|   0|    1|          0|
    |tmp_8_reg_1339                          |   1|   0|    1|          0|
    |tmp_reg_1307                            |   1|   0|    1|          0|
    |tmp_reg_1307_pp0_iter0_reg              |   1|   0|    1|          0|
    |triggered_1_reg_1396                    |   1|   0|    1|          0|
    |xor_ln415_1_reg_1494                    |   1|   0|    1|          0|
    +----------------------------------------+----+----+-----+-----------+
    |Total                                   | 247|   0|  273|         26|
    +----------------------------------------+----+----+-----+-----------+



================================================================
== Interface
================================================================
* Summary: 
+---------------------------+-----+-----+------------+--------------------+--------------+
|         RTL Ports         | Dir | Bits|  Protocol  |    Source Object   |    C Type    |
+---------------------------+-----+-----+------------+--------------------+--------------+
|ap_clk                     |   in|    1|  ap_ctrl_hs|              txPath|  return value|
|ap_rst                     |   in|    1|  ap_ctrl_hs|              txPath|  return value|
|ap_start                   |   in|    1|  ap_ctrl_hs|              txPath|  return value|
|ap_done                    |  out|    1|  ap_ctrl_hs|              txPath|  return value|
|ap_continue                |   in|    1|  ap_ctrl_hs|              txPath|  return value|
|ap_idle                    |  out|    1|  ap_ctrl_hs|              txPath|  return value|
|ap_ready                   |  out|    1|  ap_ctrl_hs|              txPath|  return value|
|time_from_book_TVALID      |   in|    1|        axis|      time_from_book|       pointer|
|time_from_book_TDATA       |   in|   64|        axis|      time_from_book|       pointer|
|time_from_book_TREADY      |  out|    1|        axis|      time_from_book|       pointer|
|metadata_from_book_TVALID  |   in|    1|        axis|  metadata_from_book|       pointer|
|metadata_from_book_TDATA   |   in|  128|        axis|  metadata_from_book|       pointer|
|metadata_from_book_TREADY  |  out|    1|        axis|  metadata_from_book|       pointer|
|lbTxMetadataOut_TREADY     |   in|    1|        axis|     lbTxMetadataOut|       pointer|
|lbTxMetadataOut_TDATA      |  out|   96|        axis|     lbTxMetadataOut|       pointer|
|lbTxMetadataOut_TVALID     |  out|    1|        axis|     lbTxMetadataOut|       pointer|
|order_from_book_TVALID     |   in|    1|        axis|     order_from_book|       pointer|
|order_from_book_TDATA      |   in|   64|        axis|     order_from_book|       pointer|
|order_from_book_TREADY     |  out|    1|        axis|     order_from_book|       pointer|
|lbTxDataOut_TREADY         |   in|    1|        axis|         lbTxDataOut|       pointer|
|lbTxDataOut_TDATA          |  out|  128|        axis|         lbTxDataOut|       pointer|
|lbTxDataOut_TVALID         |  out|    1|        axis|         lbTxDataOut|       pointer|
|lbTxLengthOut_TREADY       |   in|    1|        axis|       lbTxLengthOut|       pointer|
|lbTxLengthOut_TDATA        |  out|   16|        axis|       lbTxLengthOut|       pointer|
|lbTxLengthOut_TVALID       |  out|    1|        axis|       lbTxLengthOut|       pointer|
|tagsOut_TREADY             |   in|    1|        axis|             tagsOut|       pointer|
|tagsOut_TDATA              |  out|   64|        axis|             tagsOut|       pointer|
|tagsOut_TVALID             |  out|    1|        axis|             tagsOut|       pointer|
+---------------------------+-----+-----+------------+--------------------+--------------+

