
****** Vitis HLS - High-Level Synthesis from C, C++ and OpenCL v2024.2 (64-bit)
  **** SW Build 5238294 on Nov  8 2024
  **** IP Build 5239520 on Sun Nov 10 16:12:51 MST 2024
  **** SharedData Build 5239561 on Fri Nov 08 14:39:27 MST 2024
  **** Start of session at: Sun Jun  8 10:11:07 2025
    ** Copyright 1986-2022 Xilinx, Inc. All Rights Reserved.
    ** Copyright 2022-2024 Advanced Micro Devices, Inc. All Rights Reserved.

source C:/Xilinx/Vitis/2024.2/scripts/vitis_hls/hls.tcl -notrace
INFO: [HLS 200-10] For user 'ruuud' on host 'rudyasus' (Windows NT_amd64 version 10.0) on Sun Jun 08 10:11:09 -0700 2025
INFO: [HLS 200-10] In directory 'C:/Users/ruuud/spring2025/cse145/WORKINGPROJECTIDEA/HFT_PYNQZ1-Z2/src'
WARNING: [HLS 200-40] Environment variable 'C_INCLUDE_PATH' is set to C:\Users\ruuud\scoop\apps\gcc\current\include.
WARNING: [HLS 200-40] Environment variable 'CPLUS_INCLUDE_PATH' is set to C:\Users\ruuud\scoop\apps\gcc\current\include.
WARNING: [HLS 200-2053] The vitis_hls executable is deprecated. Consider using vitis-run --mode hls --tcl
Sourcing Tcl script '.\build_fast_core.tcl'
INFO: [HLS 200-1510] Running: open_project fast_hls -reset 
INFO: [HLS 200-10] Opening and resetting project 'C:/Users/ruuud/spring2025/cse145/WORKINGPROJECTIDEA/HFT_PYNQZ1-Z2/src/fast_hls'.
INFO: [HLS 200-1510] Running: set_top fast_protocol 
INFO: [HLS 200-1510] Running: add_files fast_src/fast_decoder.cpp 
INFO: [HLS 200-10] Adding design file 'fast_src/fast_decoder.cpp' to the project
INFO: [HLS 200-1510] Running: add_files fast_src/fast_decoder.h 
INFO: [HLS 200-10] Adding design file 'fast_src/fast_decoder.h' to the project
INFO: [HLS 200-1510] Running: add_files fast_src/fast_encoder.cpp 
INFO: [HLS 200-10] Adding design file 'fast_src/fast_encoder.cpp' to the project
INFO: [HLS 200-1510] Running: add_files fast_src/fast_encoder.h 
INFO: [HLS 200-10] Adding design file 'fast_src/fast_encoder.h' to the project
INFO: [HLS 200-1510] Running: add_files fast_src/fast_protocol.cpp 
INFO: [HLS 200-10] Adding design file 'fast_src/fast_protocol.cpp' to the project
INFO: [HLS 200-1510] Running: add_files fast_src/fast_protocol.h 
INFO: [HLS 200-10] Adding design file 'fast_src/fast_protocol.h' to the project
INFO: [HLS 200-1510] Running: add_files -tb fast_src/in.dat 
INFO: [HLS 200-10] Adding test bench file 'fast_src/in.dat' to the project
INFO: [HLS 200-1510] Running: add_files -tb fast_src/out.dat 
INFO: [HLS 200-10] Adding test bench file 'fast_src/out.dat' to the project
INFO: [HLS 200-1510] Running: add_files -tb fast_src/test_bench.cpp 
INFO: [HLS 200-10] Adding test bench file 'fast_src/test_bench.cpp' to the project
INFO: [HLS 200-1510] Running: open_solution solution1 
INFO: [HLS 200-10] Creating and opening solution 'C:/Users/ruuud/spring2025/cse145/WORKINGPROJECTIDEA/HFT_PYNQZ1-Z2/src/fast_hls/solution1'.
INFO: [HLS 200-1505] Using default flow_target 'vivado'
Resolution: For help on HLS 200-1505 see docs.xilinx.com/access/sources/dita/topic?Doc_Version=2024.2%20English&url=ug1448-hls-guidance&resourceid=200-1505.html
INFO: [HLS 200-1510] Running: set_part xc7z020-clg484-1 
INFO: [HLS 200-1611] Setting target device to 'xc7z020-clg484-1'
INFO: [HLS 200-1510] Running: create_clock -period 10 -name default 
INFO: [SYN 201-201] Setting up clock 'default' with a period of 10ns.
INFO: [HLS 200-1510] Running: csynth_design 
INFO: [HLS 200-111] Finished File checks and directory preparation: CPU user time: 0 seconds. CPU system time: 0 seconds. Elapsed time: 0.099 seconds; current allocated memory: 256.176 MB.
INFO: [HLS 200-10] Analyzing design file 'fast_src/fast_protocol.cpp' ... 
INFO: [HLS 200-10] Analyzing design file 'fast_src/fast_encoder.cpp' ... 
INFO: [HLS 200-10] Analyzing design file 'fast_src/fast_decoder.cpp' ... 
INFO: [HLS 200-111] Finished Source Code Analysis and Preprocessing: CPU user time: 1 seconds. CPU system time: 0 seconds. Elapsed time: 9.53 seconds; current allocated memory: 259.434 MB.
INFO: [HLS 200-777] Using interface defaults for 'Vivado' flow target.
INFO: [HLS 200-1995] There were 12,161 instructions in the design after the 'Compile/Link' phase of compilation. See the Design Size Report for more details: C:/Users/ruuud/spring2025/cse145/WORKINGPROJECTIDEA/HFT_PYNQZ1-Z2/src/fast_hls/solution1/syn/report/csynth_design_size.rpt
INFO: [HLS 200-1995] There were 1,208 instructions in the design after the 'Unroll/Inline (step 1)' phase of compilation. See the Design Size Report for more details: C:/Users/ruuud/spring2025/cse145/WORKINGPROJECTIDEA/HFT_PYNQZ1-Z2/src/fast_hls/solution1/syn/report/csynth_design_size.rpt
INFO: [HLS 200-1995] There were 737 instructions in the design after the 'Unroll/Inline (step 2)' phase of compilation. See the Design Size Report for more details: C:/Users/ruuud/spring2025/cse145/WORKINGPROJECTIDEA/HFT_PYNQZ1-Z2/src/fast_hls/solution1/syn/report/csynth_design_size.rpt
INFO: [HLS 200-1995] There were 718 instructions in the design after the 'Unroll/Inline (step 3)' phase of compilation. See the Design Size Report for more details: C:/Users/ruuud/spring2025/cse145/WORKINGPROJECTIDEA/HFT_PYNQZ1-Z2/src/fast_hls/solution1/syn/report/csynth_design_size.rpt
INFO: [HLS 200-1995] There were 715 instructions in the design after the 'Unroll/Inline (step 4)' phase of compilation. See the Design Size Report for more details: C:/Users/ruuud/spring2025/cse145/WORKINGPROJECTIDEA/HFT_PYNQZ1-Z2/src/fast_hls/solution1/syn/report/csynth_design_size.rpt
INFO: [HLS 200-1995] There were 1,272 instructions in the design after the 'Array/Struct (step 1)' phase of compilation. See the Design Size Report for more details: C:/Users/ruuud/spring2025/cse145/WORKINGPROJECTIDEA/HFT_PYNQZ1-Z2/src/fast_hls/solution1/syn/report/csynth_design_size.rpt
INFO: [HLS 200-1995] There were 590 instructions in the design after the 'Array/Struct (step 2)' phase of compilation. See the Design Size Report for more details: C:/Users/ruuud/spring2025/cse145/WORKINGPROJECTIDEA/HFT_PYNQZ1-Z2/src/fast_hls/solution1/syn/report/csynth_design_size.rpt
INFO: [HLS 200-1995] There were 590 instructions in the design after the 'Array/Struct (step 3)' phase of compilation. See the Design Size Report for more details: C:/Users/ruuud/spring2025/cse145/WORKINGPROJECTIDEA/HFT_PYNQZ1-Z2/src/fast_hls/solution1/syn/report/csynth_design_size.rpt
INFO: [HLS 200-1995] There were 694 instructions in the design after the 'Array/Struct (step 4)' phase of compilation. See the Design Size Report for more details: C:/Users/ruuud/spring2025/cse145/WORKINGPROJECTIDEA/HFT_PYNQZ1-Z2/src/fast_hls/solution1/syn/report/csynth_design_size.rpt
INFO: [HLS 200-1995] There were 689 instructions in the design after the 'Array/Struct (step 5)' phase of compilation. See the Design Size Report for more details: C:/Users/ruuud/spring2025/cse145/WORKINGPROJECTIDEA/HFT_PYNQZ1-Z2/src/fast_hls/solution1/syn/report/csynth_design_size.rpt
INFO: [HLS 200-1995] There were 687 instructions in the design after the 'Performance (step 1)' phase of compilation. See the Design Size Report for more details: C:/Users/ruuud/spring2025/cse145/WORKINGPROJECTIDEA/HFT_PYNQZ1-Z2/src/fast_hls/solution1/syn/report/csynth_design_size.rpt
INFO: [HLS 200-1995] There were 686 instructions in the design after the 'Performance (step 2)' phase of compilation. See the Design Size Report for more details: C:/Users/ruuud/spring2025/cse145/WORKINGPROJECTIDEA/HFT_PYNQZ1-Z2/src/fast_hls/solution1/syn/report/csynth_design_size.rpt
INFO: [HLS 200-1995] There were 686 instructions in the design after the 'Performance (step 3)' phase of compilation. See the Design Size Report for more details: C:/Users/ruuud/spring2025/cse145/WORKINGPROJECTIDEA/HFT_PYNQZ1-Z2/src/fast_hls/solution1/syn/report/csynth_design_size.rpt
INFO: [HLS 200-1995] There were 686 instructions in the design after the 'Performance (step 4)' phase of compilation. See the Design Size Report for more details: C:/Users/ruuud/spring2025/cse145/WORKINGPROJECTIDEA/HFT_PYNQZ1-Z2/src/fast_hls/solution1/syn/report/csynth_design_size.rpt
INFO: [HLS 200-1995] There were 677 instructions in the design after the 'HW Transforms (step 1)' phase of compilation. See the Design Size Report for more details: C:/Users/ruuud/spring2025/cse145/WORKINGPROJECTIDEA/HFT_PYNQZ1-Z2/src/fast_hls/solution1/syn/report/csynth_design_size.rpt
INFO: [HLS 200-1995] There were 699 instructions in the design after the 'HW Transforms (step 2)' phase of compilation. See the Design Size Report for more details: C:/Users/ruuud/spring2025/cse145/WORKINGPROJECTIDEA/HFT_PYNQZ1-Z2/src/fast_hls/solution1/syn/report/csynth_design_size.rpt
INFO: [HLS 214-291] Loop 'VITIS_LOOP_429_2' is marked as complete unroll implied by the pipeline pragma (fast_src/fast_protocol.cpp:429:31)
INFO: [HLS 214-291] Loop 'VITIS_LOOP_409_1' is marked as complete unroll implied by the pipeline pragma (fast_src/fast_protocol.cpp:409:31)
INFO: [HLS 214-291] Loop 'anonymous' is marked as complete unroll implied by the pipeline pragma (fast_src/fast_protocol.cpp:391:46)
INFO: [HLS 214-291] Loop 'anonymous' is marked as complete unroll implied by the pipeline pragma
INFO: [HLS 214-291] Loop 'VITIS_LOOP_192_2' is marked as complete unroll implied by the pipeline pragma (fast_src/fast_protocol.cpp:192:31)
INFO: [HLS 214-291] Loop 'VITIS_LOOP_119_1' is marked as complete unroll implied by the pipeline pragma (fast_src/fast_protocol.cpp:119:20)
INFO: [HLS 214-291] Loop 'anonymous' is marked as complete unroll implied by the pipeline pragma (fast_src/fast_protocol.cpp:116:41)
INFO: [HLS 214-291] Loop 'VITIS_LOOP_310_4' is marked as complete unroll implied by the pipeline pragma (fast_src/fast_protocol.cpp:310:31)
INFO: [HLS 214-291] Loop 'VITIS_LOOP_242_3' is marked as complete unroll implied by the pipeline pragma (fast_src/fast_protocol.cpp:242:20)
INFO: [HLS 214-291] Loop 'anonymous' is marked as complete unroll implied by the pipeline pragma (fast_src/fast_protocol.cpp:239:41)
INFO: [HLS 214-186] Unrolling loop 'VITIS_LOOP_429_2' (fast_src/fast_protocol.cpp:429:31) in function 'txPath' completely with a factor of 8 (fast_src/fast_protocol.cpp:354:0)
INFO: [HLS 214-186] Unrolling loop 'VITIS_LOOP_409_1' (fast_src/fast_protocol.cpp:409:31) in function 'txPath' completely with a factor of 4 (fast_src/fast_protocol.cpp:354:0)
INFO: [HLS 214-186] Unrolling loop 'anonymous' (fast_src/fast_protocol.cpp:391:46) in function 'txPath' completely with a factor of 15 (fast_src/fast_protocol.cpp:354:0)
INFO: [HLS 214-186] Unrolling loop 'anonymous' () in function 'txPath' completely with a factor of 1 (fast_src/fast_protocol.cpp:354:0)
INFO: [HLS 214-186] Unrolling loop 'VITIS_LOOP_192_2' (fast_src/fast_protocol.cpp:192:31) in function 'rxPath' completely with a factor of 4 (fast_src/fast_protocol.cpp:37:0)
INFO: [HLS 214-186] Unrolling loop 'VITIS_LOOP_119_1' (fast_src/fast_protocol.cpp:119:20) in function 'rxPath' completely with a factor of 8 (fast_src/fast_protocol.cpp:37:0)
INFO: [HLS 214-186] Unrolling loop 'anonymous' (fast_src/fast_protocol.cpp:116:41) in function 'rxPath' completely with a factor of 15 (fast_src/fast_protocol.cpp:37:0)
INFO: [HLS 214-186] Unrolling loop 'anonymous' () in function 'rxPath' completely with a factor of 1 (fast_src/fast_protocol.cpp:37:0)
INFO: [HLS 214-186] Unrolling loop 'VITIS_LOOP_310_4' (fast_src/fast_protocol.cpp:310:31) in function 'rxPath' completely with a factor of 4 (fast_src/fast_protocol.cpp:37:0)
INFO: [HLS 214-186] Unrolling loop 'VITIS_LOOP_242_3' (fast_src/fast_protocol.cpp:242:20) in function 'rxPath' completely with a factor of 8 (fast_src/fast_protocol.cpp:37:0)
INFO: [HLS 214-186] Unrolling loop 'anonymous' (fast_src/fast_protocol.cpp:239:41) in function 'rxPath' completely with a factor of 15 (fast_src/fast_protocol.cpp:37:0)
INFO: [HLS 214-178] Inlining function 'ap_uint<8>::ap_uint(double)' into 'rxPath(hls::stream<axiWord, 0>&, hls::stream<metadata, 0>&, hls::stream<ap_uint<16>, 0>&, hls::stream<bool, 0>&, hls::stream<metadata, 0>&, hls::stream<ap_uint<64>, 0>&, hls::stream<ap_uint<64>, 0>&, hls::stream<order, 0>&)' (fast_src/fast_protocol.cpp:37:0)
INFO: [HLS 214-178] Inlining function 'ap_uint<8>::ap_uint(double)' into 'txPath(hls::stream<metadata, 0>&, hls::stream<axiWord, 0>&, hls::stream<metadata, 0>&, hls::stream<ap_uint<16>, 0>&, hls::stream<ap_uint<64>, 0>&, hls::stream<ap_uint<64>, 0>&, hls::stream<order, 0>&)' (fast_src/fast_protocol.cpp:354:0)
INFO: [HLS 214-248] Applying array_partition to 'encoded_message': Complete partitioning on dimension 1. (fast_src/fast_protocol.cpp:116:19)
INFO: [HLS 214-248] Applying array_partition to 'encoded_message149': Complete partitioning on dimension 1. (fast_src/fast_protocol.cpp:239:19)
INFO: [HLS 214-248] Applying array_partition to 'encoded_message': Complete partitioning on dimension 1. (fast_src/fast_protocol.cpp:391:24)
INFO: [HLS 214-241] Aggregating axis (hls::stream) variable 'lbRxMetadataIn' with compact=bit mode in 96-bits (fast_src/fast_protocol.cpp:516:0)
INFO: [HLS 214-241] Aggregating axis (hls::stream) variable 'lbTxMetadataOut' with compact=bit mode in 96-bits (fast_src/fast_protocol.cpp:516:0)
INFO: [HLS 214-241] Aggregating axis (hls::stream) variable 'order_to_book' with compact=bit mode in 64-bits (fast_src/fast_protocol.cpp:516:0)
INFO: [HLS 214-241] Aggregating axis (hls::stream) variable 'order_from_book' with compact=bit mode in 64-bits (fast_src/fast_protocol.cpp:516:0)
INFO: [HLS 200-111] Finished Compiling Optimization and Transform: CPU user time: 0 seconds. CPU system time: 0 seconds. Elapsed time: 7.779 seconds; current allocated memory: 261.684 MB.
INFO: [HLS 200-111] Finished Checking Pragmas: CPU user time: 0 seconds. CPU system time: 0 seconds. Elapsed time: 0.007 seconds; current allocated memory: 261.684 MB.
INFO: [HLS 200-10] Starting code transformations ...
INFO: [HLS 200-111] Finished Standard Transforms: CPU user time: 0 seconds. CPU system time: 0 seconds. Elapsed time: 0.098 seconds; current allocated memory: 266.812 MB.
INFO: [HLS 200-10] Checking synthesizability ...
INFO: [HLS 200-111] Finished Checking Synthesizability: CPU user time: 0 seconds. CPU system time: 0 seconds. Elapsed time: 0.067 seconds; current allocated memory: 269.812 MB.
INFO: [XFORM 203-712] Applying dataflow to function 'fast_protocol' (fast_src/fast_protocol.cpp:501:1), detected/extracted 2 process function(s): 
	 'rxPath'
	 'txPath'.
INFO: [XFORM 203-401] Performing if-conversion on hyperblock from (fast_src/fast_protocol.cpp:376:42) to (fast_src/fast_protocol.cpp:450:9) in function 'txPath'... converting 25 basic blocks.
INFO: [XFORM 203-401] Performing if-conversion on hyperblock from (fast_src/fast_protocol.cpp:122:45) to (fast_src/fast_protocol.cpp:218:9) in function 'rxPath'... converting 8 basic blocks.
INFO: [XFORM 203-401] Performing if-conversion on hyperblock from (fast_src/fast_protocol.cpp:245:45) to (fast_src/fast_protocol.cpp:336:9) in function 'rxPath'... converting 8 basic blocks.
INFO: [XFORM 203-11] Balancing expressions in function 'txPath' (fast_src/fast_protocol.cpp:347:9)...11 expression(s) balanced.
INFO: [HLS 200-111] Finished Loop, function and other optimizations: CPU user time: 0 seconds. CPU system time: 0 seconds. Elapsed time: 0.187 seconds; current allocated memory: 292.527 MB.
INFO: [HLS 200-111] Finished Architecture Synthesis: CPU user time: 0 seconds. CPU system time: 0 seconds. Elapsed time: 0.159 seconds; current allocated memory: 304.898 MB.
INFO: [HLS 200-10] Starting hardware synthesis ...
INFO: [HLS 200-10] Synthesizing 'fast_protocol' ...
INFO: [HLS 200-10] ----------------------------------------------------------------
INFO: [HLS 200-42] -- Implementing module 'rxPath' 
INFO: [HLS 200-10] ----------------------------------------------------------------
INFO: [SCHED 204-11] Starting scheduling ...
INFO: [SCHED 204-61] Pipelining function 'rxPath'.
WARNING: [HLS 200-880] The II Violation in module 'rxPath' (function 'rxPath'): Unable to enforce a carried dependence constraint (II = 1, distance = 1, offset = 0) between 'store' operation 0 bit ('next_state_1_write_ln100', fast_src/fast_protocol.cpp:100) of variable 'select_ln100', fast_src/fast_protocol.cpp:100 on static variable 'next_state_1' and 'load' operation 3 bit ('next_state_1_load', fast_src/fast_protocol.cpp:56) on static variable 'next_state_1'.
Resolution: For help on HLS 200-880 see docs.xilinx.com/access/sources/dita/topic?Doc_Version=2024.2%20English&url=ug1448-hls-guidance&resourceid=200-880.html
WARNING: [HLS 200-880] The II Violation in module 'rxPath' (function 'rxPath'): Unable to enforce a carried dependence constraint (II = 2, distance = 1, offset = 1) between axis read operation ('lbRxDataIn_read_1', fast_src/fast_protocol.cpp:96) on port 'lbRxDataIn' (fast_src/fast_protocol.cpp:96) and axis request operation ('tmp_12', fast_src/fast_protocol.cpp:78) on port 'lbRxDataIn' (fast_src/fast_protocol.cpp:78).
Resolution: For help on HLS 200-880 see docs.xilinx.com/access/sources/dita/topic?Doc_Version=2024.2%20English&url=ug1448-hls-guidance&resourceid=200-880.html
INFO: [HLS 200-1470] Pipelining result : Target II = 1, Final II = 3, Depth = 6, function 'rxPath'
INFO: [SCHED 204-11] Finished scheduling.
INFO: [HLS 200-111] Finished Scheduling: CPU user time: 0 seconds. CPU system time: 0 seconds. Elapsed time: 0.306 seconds; current allocated memory: 311.422 MB.
INFO: [BIND 205-100] Starting micro-architecture generation ...
INFO: [BIND 205-101] Performing variable lifetime analysis.
INFO: [BIND 205-101] Exploring resource sharing.
INFO: [BIND 205-101] Binding ...
INFO: [BIND 205-100] Finished micro-architecture generation.
INFO: [HLS 200-111] Finished Binding: CPU user time: 1 seconds. CPU system time: 0 seconds. Elapsed time: 0.102 seconds; current allocated memory: 312.906 MB.
INFO: [HLS 200-10] ----------------------------------------------------------------
INFO: [HLS 200-42] -- Implementing module 'txPath' 
INFO: [HLS 200-10] ----------------------------------------------------------------
INFO: [SCHED 204-11] Starting scheduling ...
INFO: [SCHED 204-61] Pipelining function 'txPath'.
WARNING: [HLS 200-880] The II Violation in module 'txPath' (function 'txPath'): Unable to enforce a carried dependence constraint (II = 1, distance = 1, offset = 0) between 'store' operation 0 bit ('next_state_write_ln495', fast_src/fast_protocol.cpp:495) of constant 0 on static variable 'next_state' and 'load' operation 2 bit ('next_state_load', fast_src/fast_protocol.cpp:367) on static variable 'next_state'.
Resolution: For help on HLS 200-880 see docs.xilinx.com/access/sources/dita/topic?Doc_Version=2024.2%20English&url=ug1448-hls-guidance&resourceid=200-880.html
WARNING: [HLS 200-880] The II Violation in module 'txPath' (function 'txPath'): Unable to enforce a carried dependence constraint (II = 2, distance = 1, offset = 0) between 'store' operation 0 bit ('next_state_write_ln448', fast_src/fast_protocol.cpp:448) of constant 1 on static variable 'next_state' and 'load' operation 2 bit ('next_state_load', fast_src/fast_protocol.cpp:367) on static variable 'next_state'.
Resolution: For help on HLS 200-880 see docs.xilinx.com/access/sources/dita/topic?Doc_Version=2024.2%20English&url=ug1448-hls-guidance&resourceid=200-880.html
WARNING: [HLS 200-880] The II Violation in module 'txPath' (function 'txPath'): Unable to enforce a carried dependence constraint (II = 3, distance = 1, offset = 1) between axis read operation ('metadata_from_book_read', fast_src/fast_protocol.cpp:377) on port 'metadata_from_book' (fast_src/fast_protocol.cpp:377) and axis request operation ('tmp', fast_src/fast_protocol.cpp:371) on port 'metadata_from_book' (fast_src/fast_protocol.cpp:371).
Resolution: For help on HLS 200-880 see docs.xilinx.com/access/sources/dita/topic?Doc_Version=2024.2%20English&url=ug1448-hls-guidance&resourceid=200-880.html
INFO: [HLS 200-1470] Pipelining result : Target II = 1, Final II = 4, Depth = 6, function 'txPath'
WARNING: [HLS 200-871] Estimated clock period (8.718 ns) exceeds the target (target clock period: 10.000 ns, clock uncertainty: 2.700 ns, effective delay budget: 7.300 ns).
Resolution: For help on HLS 200-871 see docs.xilinx.com/access/sources/dita/topic?Doc_Version=2024.2%20English&url=ug1448-hls-guidance&resourceid=200-871.html
WARNING: [HLS 200-1016] The critical path in module 'txPath' consists of the following:
	'load' operation 2 bit ('next_state_load', fast_src/fast_protocol.cpp:367) on static variable 'next_state' [20]  (0.000 ns)
	axis request operation ('tmp', fast_src/fast_protocol.cpp:371) on port 'metadata_from_book' (fast_src/fast_protocol.cpp:371) [58]  (1.724 ns)
	axis request operation ('tmp_3', fast_src/fast_protocol.cpp:371) on port 'time_from_book' (fast_src/fast_protocol.cpp:371) [61]  (1.827 ns)
	axis request operation ('tmp_5', fast_src/fast_protocol.cpp:372) on port 'order_from_book' (fast_src/fast_protocol.cpp:372) [64]  (1.827 ns)
	blocking operation 3.3405 ns on control path)

Resolution: For help on HLS 200-1016 see docs.xilinx.com/access/sources/dita/topic?Doc_Version=2024.2%20English&url=ug1448-hls-guidance&resourceid=200-1016.html
INFO: [SCHED 204-11] Finished scheduling.
INFO: [HLS 200-111] Finished Scheduling: CPU user time: 0 seconds. CPU system time: 0 seconds. Elapsed time: 0.216 seconds; current allocated memory: 314.617 MB.
INFO: [BIND 205-100] Starting micro-architecture generation ...
INFO: [BIND 205-101] Performing variable lifetime analysis.
INFO: [BIND 205-101] Exploring resource sharing.
INFO: [BIND 205-101] Binding ...
INFO: [BIND 205-100] Finished micro-architecture generation.
INFO: [HLS 200-111] Finished Binding: CPU user time: 0 seconds. CPU system time: 0 seconds. Elapsed time: 0.082 seconds; current allocated memory: 315.168 MB.
INFO: [HLS 200-10] ----------------------------------------------------------------
INFO: [HLS 200-42] -- Implementing module 'fast_protocol' 
INFO: [HLS 200-10] ----------------------------------------------------------------
INFO: [SCHED 204-11] Starting scheduling ...
WARNING: [HLS 200-871] Estimated clock period (8.718 ns) exceeds the target (target clock period: 10.000 ns, clock uncertainty: 2.700 ns, effective delay budget: 7.300 ns).
Resolution: For help on HLS 200-871 see docs.xilinx.com/access/sources/dita/topic?Doc_Version=2024.2%20English&url=ug1448-hls-guidance&resourceid=200-871.html
WARNING: [HLS 200-1016] The critical path in module 'fast_protocol' consists of the following:
	'call' operation 0 bit ('_ln563', fast_src/fast_protocol.cpp:563) to 'txPath' [63]  (8.718 ns)

Resolution: For help on HLS 200-1016 see docs.xilinx.com/access/sources/dita/topic?Doc_Version=2024.2%20English&url=ug1448-hls-guidance&resourceid=200-1016.html
INFO: [SCHED 204-11] Finished scheduling.
INFO: [HLS 200-111] Finished Scheduling: CPU user time: 0 seconds. CPU system time: 0 seconds. Elapsed time: 0.098 seconds; current allocated memory: 315.320 MB.
INFO: [BIND 205-100] Starting micro-architecture generation ...
INFO: [BIND 205-101] Performing variable lifetime analysis.
INFO: [BIND 205-101] Exploring resource sharing.
INFO: [BIND 205-101] Binding ...
INFO: [BIND 205-100] Finished micro-architecture generation.
INFO: [HLS 200-111] Finished Binding: CPU user time: 0 seconds. CPU system time: 0 seconds. Elapsed time: 0.064 seconds; current allocated memory: 315.340 MB.
INFO: [HLS 200-10] ----------------------------------------------------------------
INFO: [HLS 200-10] -- Generating RTL for module 'rxPath' 
INFO: [HLS 200-10] ----------------------------------------------------------------
WARNING: [RTGEN 206-101] Register 'next_state_1' is power-on initialization.
WARNING: [RTGEN 206-101] Register 'first_packet' is power-on initialization.
WARNING: [RTGEN 206-101] Register 'second_packet' is power-on initialization.
WARNING: [RTGEN 206-101] Register 'openPortWaitTime' is power-on initialization.
WARNING: [RTGEN 206-101] Register 'temp_order_price' is power-on initialization.
WARNING: [RTGEN 206-101] Register 'temp_order_size' is power-on initialization.
WARNING: [RTGEN 206-101] Register 'temp_order_orderID' is power-on initialization.
WARNING: [RTGEN 206-101] Register 'temp_order_type' is power-on initialization.
INFO: [RTGEN 206-100] Generating core module 'mul_16s_9ns_16_1_1': 2 instance(s).
INFO: [RTGEN 206-100] Generating core module 'sparsemux_11_4_25_1_1': 2 instance(s).
INFO: [RTGEN 206-100] Generating core module 'sparsemux_11_4_4_1_1': 2 instance(s).
INFO: [RTGEN 206-100] Generating core module 'sparsemux_17_4_3_1_1': 2 instance(s).
INFO: [RTGEN 206-100] Generating core module 'sparsemux_17_4_7_1_1': 2 instance(s).
INFO: [RTGEN 206-100] Generating core module 'sparsemux_7_3_7_1_1': 2 instance(s).
INFO: [RTGEN 206-100] Generating core module 'sparsemux_7_3_8_1_1': 2 instance(s).
INFO: [RTGEN 206-100] Generating core module 'sparsemux_9_3_7_1_1': 2 instance(s).
INFO: [RTGEN 206-100] Generating core module 'sparsemux_9_3_8_1_1': 8 instance(s).
INFO: [RTGEN 206-100] Finished creating RTL model for 'rxPath'.
INFO: [RTMG 210-279] Implementing memory 'fast_protocol_rxPath_POW10_ROM_AUTO_1R' using auto ROMs.
INFO: [HLS 200-111] Finished Creating RTL model: CPU user time: 0 seconds. CPU system time: 0 seconds. Elapsed time: 0.402 seconds; current allocated memory: 320.902 MB.
INFO: [HLS 200-10] ----------------------------------------------------------------
INFO: [HLS 200-10] -- Generating RTL for module 'txPath' 
INFO: [HLS 200-10] ----------------------------------------------------------------
WARNING: [RTGEN 206-101] Register 'next_state' is power-on initialization.
WARNING: [RTGEN 206-101] Register 'first_packet_data' is power-on initialization.
WARNING: [RTGEN 206-101] Register 'second_packet_data' is power-on initialization.
WARNING: [RTGEN 206-101] Register 'lbPacketLength' is power-on initialization.
WARNING: [RTGEN 206-101] RTL name 'sparsemux_11_4_4_1_1' is changed to 'sparsemux_11_4_4_1_1_x' due to conflict.
INFO: [RTGEN 206-100] Generating core module 'sparsemux_11_32_8_1_1': 5 instance(s).
INFO: [RTGEN 206-100] Generating core module 'sparsemux_11_4_4_1_1_x': 1 instance(s).
INFO: [RTGEN 206-100] Generating core module 'sparsemux_13_5_4_1_1': 1 instance(s).
INFO: [RTGEN 206-100] Generating core module 'sparsemux_9_3_4_1_1': 1 instance(s).
INFO: [RTGEN 206-100] Finished creating RTL model for 'txPath'.
INFO: [HLS 200-111] Finished Creating RTL model: CPU user time: 0 seconds. CPU system time: 0 seconds. Elapsed time: 0.603 seconds; current allocated memory: 328.121 MB.
INFO: [HLS 200-10] ----------------------------------------------------------------
INFO: [HLS 200-10] -- Generating RTL for module 'fast_protocol' 
INFO: [HLS 200-10] ----------------------------------------------------------------
WARNING: [RTGEN 206-101] Design contains AXI ports. Reset is fixed to synchronous and active low.
INFO: [RTGEN 206-500] Setting interface mode on port 'fast_protocol/lbRxDataIn' to 'axis' (register, both mode).
INFO: [RTGEN 206-500] Setting interface mode on port 'fast_protocol/lbRxMetadataIn' to 'axis' (register, both mode).
INFO: [RTGEN 206-500] Setting interface mode on port 'fast_protocol/lbRequestPortOpenOut' to 'axis' (register, both mode).
INFO: [RTGEN 206-500] Setting interface mode on port 'fast_protocol/lbPortOpenReplyIn' to 'axis' (register, both mode).
INFO: [RTGEN 206-500] Setting interface mode on port 'fast_protocol/lbTxDataOut' to 'axis' (register, both mode).
INFO: [RTGEN 206-500] Setting interface mode on port 'fast_protocol/lbTxMetadataOut' to 'axis' (register, both mode).
INFO: [RTGEN 206-500] Setting interface mode on port 'fast_protocol/lbTxLengthOut' to 'axis' (register, both mode).
INFO: [RTGEN 206-500] Setting interface mode on port 'fast_protocol/tagsIn' to 'axis' (register, both mode).
INFO: [RTGEN 206-500] Setting interface mode on port 'fast_protocol/tagsOut' to 'axis' (register, both mode).
INFO: [RTGEN 206-500] Setting interface mode on port 'fast_protocol/metadata_to_book' to 'axis' (register, both mode).
INFO: [RTGEN 206-500] Setting interface mode on port 'fast_protocol/metadata_from_book' to 'axis' (register, both mode).
INFO: [RTGEN 206-500] Setting interface mode on port 'fast_protocol/time_to_book' to 'axis' (register, both mode).
INFO: [RTGEN 206-500] Setting interface mode on port 'fast_protocol/time_from_book' to 'axis' (register, both mode).
INFO: [RTGEN 206-500] Setting interface mode on port 'fast_protocol/order_to_book' to 'axis' (register, both mode).
INFO: [RTGEN 206-500] Setting interface mode on port 'fast_protocol/order_from_book' to 'axis' (register, both mode).
INFO: [RTGEN 206-500] Setting interface mode on function 'fast_protocol' to 'ap_ctrl_none'.
WARNING: [HLS 200-656] Deadlocks can occur since process rxPath is instantiated in a dataflow region with ap_ctrl_none or without start propagation and contains an auto-rewind pipeline.
Resolution: For help on HLS 200-656 see docs.xilinx.com/access/sources/dita/topic?Doc_Version=2024.2%20English&url=ug1448-hls-guidance&resourceid=200-656.html
WARNING: [HLS 200-656] Deadlocks can occur since process txPath is instantiated in a dataflow region with ap_ctrl_none or without start propagation and contains an auto-rewind pipeline.
Resolution: For help on HLS 200-656 see docs.xilinx.com/access/sources/dita/topic?Doc_Version=2024.2%20English&url=ug1448-hls-guidance&resourceid=200-656.html
WARNING: [HLS 200-656] Deadlocks can occur since process rxPath is instantiated in a dataflow region with ap_ctrl_none or without start propagation and contains an auto-rewind pipeline.
Resolution: For help on HLS 200-656 see docs.xilinx.com/access/sources/dita/topic?Doc_Version=2024.2%20English&url=ug1448-hls-guidance&resourceid=200-656.html
INFO: [HLS 200-633] Setting ap_ctrl_none interface for fast_protocol
INFO: [RTGEN 206-100] Finished creating RTL model for 'fast_protocol'.
INFO: [HLS 200-111] Finished Creating RTL model: CPU user time: 0 seconds. CPU system time: 1 seconds. Elapsed time: 0.501 seconds; current allocated memory: 332.133 MB.
INFO: [HLS 200-111] Finished Generating all RTL models: CPU user time: 1 seconds. CPU system time: 0 seconds. Elapsed time: 0.497 seconds; current allocated memory: 334.301 MB.
INFO: [HLS 200-111] Finished Updating report files: CPU user time: 0 seconds. CPU system time: 0 seconds. Elapsed time: 0.53 seconds; current allocated memory: 338.945 MB.
INFO: [VHDL 208-304] Generating VHDL RTL for fast_protocol.
INFO: [VLOG 209-307] Generating Verilog RTL for fast_protocol.
INFO: [HLS 200-789] **** Estimated Fmax: 114.70 MHz
INFO: [HLS 200-2161] Finished Command csynth_design Elapsed time: 00:00:21; Allocated memory: 83.184 MB.
INFO: [HLS 200-1510] Running: export_design -format ip_catalog 
INFO: [IMPL 213-8] Exporting RTL as a Vivado IP.
WARNING: C:/Xilinx/Vivado/2024.2/tps/win64/jre11.0.16_1 does not exist.

****** Vivado v2024.2 (64-bit)
  **** SW Build 5239630 on Fri Nov 08 22:35:27 MST 2024
  **** IP Build 5239520 on Sun Nov 10 16:12:51 MST 2024
  **** SharedData Build 5239561 on Fri Nov 08 14:39:27 MST 2024
  **** Start of session at: Sun Jun  8 10:11:35 2025
    ** Copyright 1986-2022 Xilinx, Inc. All Rights Reserved.
    ** Copyright 2022-2024 Advanced Micro Devices, Inc. All Rights Reserved.

source run_ippack.tcl -notrace
INFO: calling package_hls_ip ip_types=vitis sysgen json_file=C:/Users/ruuud/spring2025/cse145/WORKINGPROJECTIDEA/HFT_PYNQZ1-Z2/src/fast_hls/solution1/solution1_data.json outdir=C:/Users/ruuud/spring2025/cse145/WORKINGPROJECTIDEA/HFT_PYNQZ1-Z2/src/fast_hls/solution1/impl/ip srcdir=C:/Users/ruuud/spring2025/cse145/WORKINGPROJECTIDEA/HFT_PYNQZ1-Z2/src/fast_hls/solution1 sort_interfaces_ports=false
INFO: Copied 1 ipmisc file(s) to C:/Users/ruuud/spring2025/cse145/WORKINGPROJECTIDEA/HFT_PYNQZ1-Z2/src/fast_hls/solution1/impl/ip/misc
INFO: Copied 19 verilog file(s) to C:/Users/ruuud/spring2025/cse145/WORKINGPROJECTIDEA/HFT_PYNQZ1-Z2/src/fast_hls/solution1/impl/ip/hdl/verilog
INFO: Copied 18 vhdl file(s) to C:/Users/ruuud/spring2025/cse145/WORKINGPROJECTIDEA/HFT_PYNQZ1-Z2/src/fast_hls/solution1/impl/ip/hdl/vhdl
ipx::create_core: Time (s): cpu = 00:00:04 ; elapsed = 00:00:05 . Memory (MB): peak = 625.207 ; gain = 185.500
INFO: Import ports from HDL: C:/Users/ruuud/spring2025/cse145/WORKINGPROJECTIDEA/HFT_PYNQZ1-Z2/src/fast_hls/solution1/impl/ip/hdl/vhdl/fast_protocol.vhd (fast_protocol)
INFO: Add axi4stream interface lbRxDataIn
INFO: Add axi4stream interface lbRxMetadataIn
INFO: Add axi4stream interface lbRequestPortOpenOut
INFO: [IP_Flow 19-234] Refreshing IP repositories
INFO: [IP_Flow 19-1704] No user IP repositories specified
INFO: [IP_Flow 19-2313] Loaded Vivado IP repository 'C:/Xilinx/Vivado/2024.2/data/ip'.
INFO: Add axi4stream interface lbPortOpenReplyIn
INFO: Add axi4stream interface lbTxDataOut
INFO: Add axi4stream interface lbTxMetadataOut
INFO: Add axi4stream interface lbTxLengthOut
INFO: Add axi4stream interface tagsIn
INFO: Add axi4stream interface tagsOut
INFO: Add axi4stream interface metadata_to_book
INFO: Add axi4stream interface metadata_from_book
INFO: Add axi4stream interface time_to_book
INFO: Add axi4stream interface time_from_book
INFO: Add axi4stream interface order_to_book
INFO: Add axi4stream interface order_from_book
INFO: Add clock interface ap_clk
INFO: Add reset interface ap_rst_n
INFO: Calling post_process_vitis to specialize IP
INFO: Calling post_process_sysgen to specialize IP
Generating sysgen info xml from json file
INFO: Created IP C:/Users/ruuud/spring2025/cse145/WORKINGPROJECTIDEA/HFT_PYNQZ1-Z2/src/fast_hls/solution1/impl/ip/component.xml
INFO: Created IP archive C:/Users/ruuud/spring2025/cse145/WORKINGPROJECTIDEA/HFT_PYNQZ1-Z2/src/fast_hls/solution1/impl/ip/xilinx_com_hls_fast_protocol_1_0.zip
INFO: [Common 17-206] Exiting Vivado at Sun Jun  8 10:11:43 2025...
INFO: [HLS 200-802] Generated output file fast_hls/solution1/impl/export.zip
INFO: [HLS 200-2161] Finished Command export_design Elapsed time: 00:00:10; Allocated memory: 3.867 MB.
INFO: [HLS 200-112] Total CPU user time: 4 seconds. Total CPU system time: 2 seconds. Total elapsed time: 36.293 seconds; peak allocated memory: 343.082 MB.
