#-----------------------------------------------------------
# Vivado v2024.2 (64-bit)
# SW Build 5239630 on Fri Nov 08 22:35:27 MST 2024
# IP Build 5239520 on Sun Nov 10 16:12:51 MST 2024
# SharedData Build 5239561 on Fri Nov 08 14:39:27 MST 2024
# Start of session at: Thu May 29 11:27:10 2025
# Process ID         : 20328
# Current directory  : C:/Users/ruuud/spring2025/cse145/AAAAHHHH/ECE1373_2016_hft_on_fpga/src
# Command line       : vivado.exe -mode tcl -source build_project.tcl
# Log file           : C:/Users/ruuud/spring2025/cse145/AAAAHHHH/ECE1373_2016_hft_on_fpga/src/vivado.log
# Journal file       : C:/Users/ruuud/spring2025/cse145/AAAAHHHH/ECE1373_2016_hft_on_fpga/src\vivado.jou
# Running On         : RudyAsus
# Platform           : Windows Server 2016 or Windows 10
# Operating System   : 26100
# Processor Detail   : Intel(R) Core(TM) Ultra 9 185H
# CPU Frequency      : 3072 MHz
# CPU Physical cores : 16
# CPU Logical cores  : 22
# Host memory        : 33736 MB
# Swap memory        : 23143 MB
# Total Virtual      : 56879 MB
# Available Virtual  : 6370 MB
#-----------------------------------------------------------
source build_project.tcl
# create_project hft_proj hft_proj -part xc7z020-clg400-1 -force
create_project: Time (s): cpu = 00:00:06 ; elapsed = 00:00:07 . Memory (MB): peak = 619.285 ; gain = 191.297
# set_property ip_repo_paths [list \
#     [file normalize ./fast_hls] \
#     [file normalize ./order_book_hls] \
#     [file normalize ./threshold_hls] \
#     [file normalize ./microblaze_to_switch_hls] \
#     [file normalize ./udp_hls] \
# ] [current_project]
# update_ip_catalog
INFO: [IP_Flow 19-234] Refreshing IP repositories
INFO: [IP_Flow 19-1700] Loaded user IP repository 'c:/Users/ruuud/spring2025/cse145/AAAAHHHH/ECE1373_2016_hft_on_fpga/src/fast_hls'.
INFO: [IP_Flow 19-1700] Loaded user IP repository 'c:/Users/ruuud/spring2025/cse145/AAAAHHHH/ECE1373_2016_hft_on_fpga/src/order_book_hls'.
INFO: [IP_Flow 19-1700] Loaded user IP repository 'c:/Users/ruuud/spring2025/cse145/AAAAHHHH/ECE1373_2016_hft_on_fpga/src/threshold_hls'.
INFO: [IP_Flow 19-1700] Loaded user IP repository 'c:/Users/ruuud/spring2025/cse145/AAAAHHHH/ECE1373_2016_hft_on_fpga/src/microblaze_to_switch_hls'.
INFO: [IP_Flow 19-1700] Loaded user IP repository 'c:/Users/ruuud/spring2025/cse145/AAAAHHHH/ECE1373_2016_hft_on_fpga/src/udp_hls'.
INFO: [IP_Flow 19-2313] Loaded Vivado IP repository 'C:/Xilinx/Vivado/2024.2/data/ip'.
# source [file normalize ../pynq_block_design.tcl]
## create_bd_design design_1
Wrote  : <C:\Users\ruuud\spring2025\cse145\AAAAHHHH\ECE1373_2016_hft_on_fpga\src\hft_proj\hft_proj.srcs\sources_1\bd\design_1\design_1.bd> 
## create_bd_cell -type ip -vlnv xilinx.com:ip:processing_system7:5.5 processing_system7_0
## apply_bd_automation -rule xilinx.com:bd_rule:processing_system7 -config {make_external "FIXED_IO, DDR" apply_board_preset "1" Master "Disable" Slave "Disable" }  [get_bd_cells processing_system7_0]
WARNING: [Boardtcl 53-1] No current board_part set.
## set_property -dict [list CONFIG.PCW_FPGA0_PERIPHERAL_FREQMHZ {100} CONFIG.PCW_USE_S_AXI_HP0 {1} CONFIG.PCW_ENET0_PERIPHERAL_ENABLE {1} CONFIG.PCW_ENET0_ENET0_IO {MIO 16 .. 27} CONFIG.PCW_ENET0_GRP_MDIO_ENABLE {1} CONFIG.PCW_ENET0_GRP_MDIO_IO {MIO 52 .. 53}] [get_bd_cells processing_system7_0]
CRITICAL WARNING: [PS7-6]  LVCMOS33 (3.3V) is not supported for RGMII interface in Ethernet0. Recommendation is to use 1.8/2.5V IO.
## create_bd_cell -type ip -vlnv xilinx.com:ip:clk_wiz:6.0 clk_wiz_0
INFO: [Device 21-403] Loading part xc7z020clg400-1
## set_property -dict [list CONFIG.PRIM_IN_FREQ {125.000} CONFIG.CLKOUT1_REQUESTED_OUT_FREQ {100.000} CONFIG.USE_LOCKED {true} CONFIG.USE_RESET {false}] [get_bd_cells clk_wiz_0]
## connect_bd_net [get_bd_pins processing_system7_0/FCLK_CLK0] [get_bd_pins clk_wiz_0/clk_in1]
## create_bd_cell -type ip -vlnv xilinx.com:ip:axi_interconnect:2.1 axi_interconnect_0
## set_property -dict [list CONFIG.NUM_SI {1} CONFIG.NUM_MI {2}] [get_bd_cells axi_interconnect_0]
## connect_bd_net [get_bd_pins clk_wiz_0/clk_out1] [get_bd_pins axi_interconnect_0/ACLK]
## connect_bd_net [get_bd_pins clk_wiz_0/clk_out1] [get_bd_pins axi_interconnect_0/S00_ACLK]
## connect_bd_net [get_bd_pins processing_system7_0/M_AXI_GP0_ACLK] [get_bd_pins clk_wiz_0/clk_out1]
## create_bd_cell -type ip -vlnv xilinx.com:ip:proc_sys_reset:5.0 proc_sys_reset_0
## connect_bd_net [get_bd_pins clk_wiz_0/clk_out1] [get_bd_pins proc_sys_reset_0/slowest_sync_clk]
## connect_bd_net [get_bd_pins clk_wiz_0/locked] [get_bd_pins proc_sys_reset_0/dcm_locked]
## connect_bd_net [get_bd_pins processing_system7_0/FCLK_RESET0_N] [get_bd_pins proc_sys_reset_0/ext_reset_in]
## create_bd_cell -type ip -vlnv xilinx.com:hls:fast_protocol:1.0 fast_protocol_0
## connect_bd_net [get_bd_pins clk_wiz_0/clk_out1] [get_bd_pins fast_protocol_0/ap_clk]
## connect_bd_net [get_bd_pins proc_sys_reset_0/peripheral_aresetn] [get_bd_pins fast_protocol_0/ap_rst_n]
## create_bd_cell -type ip -vlnv xilinx.com:hls:order_book:1.0 order_book_0
## connect_bd_net [get_bd_pins clk_wiz_0/clk_out1] [get_bd_pins order_book_0/ap_clk]
## connect_bd_net [get_bd_pins proc_sys_reset_0/peripheral_aresetn] [get_bd_pins order_book_0/ap_rst_n]
## create_bd_cell -type ip -vlnv xilinx.com:hls:simple_threshold:1.0 simple_threshold_0
## connect_bd_net [get_bd_pins clk_wiz_0/clk_out1] [get_bd_pins simple_threshold_0/ap_clk]
## connect_bd_net [get_bd_pins proc_sys_reset_0/peripheral_aresetn] [get_bd_pins simple_threshold_0/ap_rst_n]
## create_bd_cell -type ip -vlnv xilinx.com:hls:MicroblazeToSwitch:1.0 MicroblazeToSwitch_0
## connect_bd_net [get_bd_pins clk_wiz_0/clk_out1] [get_bd_pins MicroblazeToSwitch_0/ap_clk]
## connect_bd_net [get_bd_pins proc_sys_reset_0/peripheral_aresetn] [get_bd_pins MicroblazeToSwitch_0/ap_rst_n]
## connect_bd_intf_net [get_bd_intf_pins processing_system7_0/M_AXI_GP0] [get_bd_intf_pins axi_interconnect_0/S00_AXI]
## connect_bd_intf_net [get_bd_intf_pins axi_interconnect_0/M00_AXI] [get_bd_intf_pins order_book_0/s_axi_control]
## connect_bd_intf_net [get_bd_intf_pins axi_interconnect_0/M01_AXI] [get_bd_intf_pins MicroblazeToSwitch_0/s_axi_control]
## connect_bd_intf_net [get_bd_intf_pins fast_protocol_0/order_to_book] [get_bd_intf_pins order_book_0/order_stream]
## connect_bd_intf_net [get_bd_intf_pins fast_protocol_0/metadata_to_book] [get_bd_intf_pins order_book_0/incoming_meta]
## connect_bd_intf_net [get_bd_intf_pins fast_protocol_0/time_to_book] [get_bd_intf_pins order_book_0/incoming_time]
## connect_bd_intf_net [get_bd_intf_pins order_book_0/outgoing_meta] [get_bd_intf_pins simple_threshold_0/incoming_meta]
## connect_bd_intf_net [get_bd_intf_pins order_book_0/outgoing_time] [get_bd_intf_pins simple_threshold_0/incoming_time]
## connect_bd_intf_net [get_bd_intf_pins order_book_0/top_bid] [get_bd_intf_pins simple_threshold_0/top_bid]
## connect_bd_intf_net [get_bd_intf_pins order_book_0/top_ask] [get_bd_intf_pins simple_threshold_0/top_ask]
## create_bd_cell -type ip -vlnv xilinx.com:ip:axis_data_fifo:2.0 order_fifo
## create_bd_cell -type ip -vlnv xilinx.com:ip:axis_data_fifo:2.0 meta_fifo
## create_bd_cell -type ip -vlnv xilinx.com:ip:axis_data_fifo:2.0 time_fifo
## connect_bd_intf_net [get_bd_intf_pins simple_threshold_0/outgoing_order] [get_bd_intf_pins order_fifo/S_AXIS]
## connect_bd_intf_net [get_bd_intf_pins simple_threshold_0/outgoing_meta] [get_bd_intf_pins meta_fifo/S_AXIS]
## connect_bd_intf_net [get_bd_intf_pins simple_threshold_0/outgoing_time] [get_bd_intf_pins time_fifo/S_AXIS]
## connect_bd_net [get_bd_pins clk_wiz_0/clk_out1] [get_bd_pins order_fifo/s_axis_aclk]
## connect_bd_net [get_bd_pins clk_wiz_0/clk_out1] [get_bd_pins meta_fifo/s_axis_aclk]
## connect_bd_net [get_bd_pins clk_wiz_0/clk_out1] [get_bd_pins time_fifo/s_axis_aclk]
## connect_bd_net [get_bd_pins proc_sys_reset_0/peripheral_aresetn] [get_bd_pins order_fifo/s_axis_aresetn]
## connect_bd_net [get_bd_pins proc_sys_reset_0/peripheral_aresetn] [get_bd_pins meta_fifo/s_axis_aresetn]
## connect_bd_net [get_bd_pins proc_sys_reset_0/peripheral_aresetn] [get_bd_pins time_fifo/s_axis_aresetn]
## connect_bd_net [get_bd_pins clk_wiz_0/clk_out1] [get_bd_pins axi_interconnect_0/M00_ACLK]
## connect_bd_net [get_bd_pins clk_wiz_0/clk_out1] [get_bd_pins axi_interconnect_0/M01_ACLK]
## connect_bd_net [get_bd_pins proc_sys_reset_0/peripheral_aresetn] [get_bd_pins axi_interconnect_0/M00_ARESETN]
## connect_bd_net [get_bd_pins proc_sys_reset_0/peripheral_aresetn] [get_bd_pins axi_interconnect_0/M01_ARESETN]
## connect_bd_net [get_bd_pins proc_sys_reset_0/interconnect_aresetn] [get_bd_pins axi_interconnect_0/ARESETN]
## connect_bd_net [get_bd_pins proc_sys_reset_0/peripheral_aresetn] [get_bd_pins axi_interconnect_0/S00_ARESETN]
## create_bd_port -dir O -from 3 -to 0 led_l
## create_bd_port -dir I user_sw_l
## create_bd_cell -type ip -vlnv xilinx.com:ip:xlconcat:2.1 xlconcat_0
INFO: [BD 5-1043] It is recommended to use inline hdl version xilinx.com:inline_hdl:ilconcat:1.0 for the IP type xilinx.com:ip:xlconcat:2.1 for improved performance and reduced disk space. IPs with VLNV xilinx.com:ip:xlconcat:2.1 may be deprecated in future releases. More information on inline hdl IP is available in UG994 
## set_property -dict [list CONFIG.NUM_PORTS {4}] [get_bd_cells xlconcat_0]
## connect_bd_net [get_bd_pins xlconcat_0/dout] [get_bd_ports led_l]
## connect_bd_net [get_bd_pins proc_sys_reset_0/peripheral_aresetn] [get_bd_pins xlconcat_0/In0]
## connect_bd_net [get_bd_pins clk_wiz_0/locked] [get_bd_pins xlconcat_0/In1]
## assign_bd_address
INFO: [BD 41-3093] Triggering Legacy Auto Assign Algorithm
Slave segment '/MicroblazeToSwitch_0/s_axi_control/Reg' is being assigned into address space '/processing_system7_0/Data' at <0x4000_0000 [ 64K ]>.
Slave segment '/order_book_0/s_axi_control/Reg' is being assigned into address space '/processing_system7_0/Data' at <0x4001_0000 [ 64K ]>.
## save_bd_design
Wrote  : <C:\Users\ruuud\spring2025\cse145\AAAAHHHH\ECE1373_2016_hft_on_fpga\src\hft_proj\hft_proj.srcs\sources_1\bd\design_1\design_1.bd> 
# generate_target all [get_files hft_proj/hft_proj.srcs/sources_1/bd/design_1/design_1.bd]
ERROR: [BD 41-758] The following clock pins are not connected to a valid clock source: 
/processing_system7_0/S_AXI_HP0_ACLK

ERROR: [BD 41-1031] Hdl Generation failed for the IP Integrator design C:/Users/ruuud/spring2025/cse145/AAAAHHHH/ECE1373_2016_hft_on_fpga/src/hft_proj/hft_proj.srcs/sources_1/bd/design_1/design_1.bd 
ERROR: [Common 17-39] 'generate_target' failed due to earlier errors.

    while executing
"generate_target all [get_files hft_proj/hft_proj.srcs/sources_1/bd/design_1/design_1.bd]"
    (file "build_project.tcl" line 25)
Vivado% 